running develop
running egg_info
creating fixy_description.egg-info
writing fixy_description.egg-info/PKG-INFO
writing dependency_links to fixy_description.egg-info/dependency_links.txt
writing entry points to fixy_description.egg-info/entry_points.txt
writing requirements to fixy_description.egg-info/requires.txt
writing top-level names to fixy_description.egg-info/top_level.txt
writing manifest file 'fixy_description.egg-info/SOURCES.txt'
reading manifest file 'fixy_description.egg-info/SOURCES.txt'
writing manifest file 'fixy_description.egg-info/SOURCES.txt'
running build_ext
Creating /home/zine/ws_moveit/install/fixy_description/lib/python3.10/site-packages/fixy-description.egg-link (link to .)

Installed /home/zine/ws_moveit/build/fixy_description
running symlink_data
creating /home/zine/ws_moveit/install/fixy_description/share/ament_index
creating /home/zine/ws_moveit/install/fixy_description/share/ament_index/resource_index
creating /home/zine/ws_moveit/install/fixy_description/share/ament_index/resource_index/packages
symbolically linking /home/zine/ws_moveit/build/fixy_description/resource/fixy_description -> /home/zine/ws_moveit/install/fixy_description/share/ament_index/resource_index/packages
symbolically linking /home/zine/ws_moveit/build/fixy_description/package.xml -> /home/zine/ws_moveit/install/fixy_description/share/fixy_description
creating /home/zine/ws_moveit/install/fixy_description/share/fixy_description/launch
symbolically linking /home/zine/ws_moveit/build/fixy_description/launch/gazebo.launch.py -> /home/zine/ws_moveit/install/fixy_description/share/fixy_description/launch
symbolically linking /home/zine/ws_moveit/build/fixy_description/launch/display.launch.py -> /home/zine/ws_moveit/install/fixy_description/share/fixy_description/launch
creating /home/zine/ws_moveit/install/fixy_description/share/fixy_description/urdf
symbolically linking /home/zine/ws_moveit/build/fixy_description/urdf/fixy.gazebo -> /home/zine/ws_moveit/install/fixy_description/share/fixy_description/urdf
symbolically linking /home/zine/ws_moveit/build/fixy_description/urdf/fixy.xacro -> /home/zine/ws_moveit/install/fixy_description/share/fixy_description/urdf
symbolically linking /home/zine/ws_moveit/build/fixy_description/urdf/materials.xacro -> /home/zine/ws_moveit/install/fixy_description/share/fixy_description/urdf
symbolically linking /home/zine/ws_moveit/build/fixy_description/urdf/fixy.trans -> /home/zine/ws_moveit/install/fixy_description/share/fixy_description/urdf
creating /home/zine/ws_moveit/install/fixy_description/share/fixy_description/meshes
symbolically linking /home/zine/ws_moveit/build/fixy_description/meshes/link_3_1.stl -> /home/zine/ws_moveit/install/fixy_description/share/fixy_description/meshes
symbolically linking /home/zine/ws_moveit/build/fixy_description/meshes/link_g_1.stl -> /home/zine/ws_moveit/install/fixy_description/share/fixy_description/meshes
symbolically linking /home/zine/ws_moveit/build/fixy_description/meshes/base_link.stl -> /home/zine/ws_moveit/install/fixy_description/share/fixy_description/meshes
symbolically linking /home/zine/ws_moveit/build/fixy_description/meshes/link_6_1.stl -> /home/zine/ws_moveit/install/fixy_description/share/fixy_description/meshes
symbolically linking /home/zine/ws_moveit/build/fixy_description/meshes/link_7_1.stl -> /home/zine/ws_moveit/install/fixy_description/share/fixy_description/meshes
symbolically linking /home/zine/ws_moveit/build/fixy_description/meshes/link_2_1.stl -> /home/zine/ws_moveit/install/fixy_description/share/fixy_description/meshes
symbolically linking /home/zine/ws_moveit/build/fixy_description/meshes/link_4_1.stl -> /home/zine/ws_moveit/install/fixy_description/share/fixy_description/meshes
symbolically linking /home/zine/ws_moveit/build/fixy_description/meshes/link_5_1.stl -> /home/zine/ws_moveit/install/fixy_description/share/fixy_description/meshes
symbolically linking /home/zine/ws_moveit/build/fixy_description/meshes/link_1_1.stl -> /home/zine/ws_moveit/install/fixy_description/share/fixy_description/meshes
creating /home/zine/ws_moveit/install/fixy_description/share/fixy_description/config
symbolically linking /home/zine/ws_moveit/build/fixy_description/config/display.rviz -> /home/zine/ws_moveit/install/fixy_description/share/fixy_description/config
