[7.847s] Invoking command in '/home/zine/ws_moveit/build/fixy_description': PYTHONPATH=/home/zine/ws_moveit/build/fixy_description/prefix_override:/usr/lib/python3/dist-packages/colcon_core/task/python/colcon_distutils_commands:/home/zine/ws_moveit/install/fixy_description/lib/python3.10/site-packages:${PYTHONPATH} /usr/bin/python3 -W ignore:setup.py install is deprecated -W ignore:easy_install command is deprecated setup.py develop --editable --build-directory /home/zine/ws_moveit/build/fixy_description/build --no-deps symlink_data
[8.310s] /usr/lib/python3/dist-packages/setuptools/dist.py:723: UserWarning: Usage of dash-separated 'script-dir' will not be supported in future versions. Please use the underscore name 'script_dir' instead
[8.310s]   warnings.warn(
[8.310s] running develop
[8.311s] running egg_info
[8.311s] creating fixy_description.egg-info
[8.311s] writing fixy_description.egg-info/PKG-INFO
[8.311s] writing dependency_links to fixy_description.egg-info/dependency_links.txt
[8.311s] writing entry points to fixy_description.egg-info/entry_points.txt
[8.311s] writing requirements to fixy_description.egg-info/requires.txt
[8.311s] writing top-level names to fixy_description.egg-info/top_level.txt
[8.311s] writing manifest file 'fixy_description.egg-info/SOURCES.txt'
[8.311s] reading manifest file 'fixy_description.egg-info/SOURCES.txt'
[8.311s] writing manifest file 'fixy_description.egg-info/SOURCES.txt'
[8.311s] running build_ext
[8.312s] Creating /home/zine/ws_moveit/install/fixy_description/lib/python3.10/site-packages/fixy-description.egg-link (link to .)
[8.312s] 
[8.312s] Installed /home/zine/ws_moveit/build/fixy_description
[8.312s] running symlink_data
[8.312s] creating /home/zine/ws_moveit/install/fixy_description/share/ament_index
[8.312s] creating /home/zine/ws_moveit/install/fixy_description/share/ament_index/resource_index
[8.312s] creating /home/zine/ws_moveit/install/fixy_description/share/ament_index/resource_index/packages
[8.312s] symbolically linking /home/zine/ws_moveit/build/fixy_description/resource/fixy_description -> /home/zine/ws_moveit/install/fixy_description/share/ament_index/resource_index/packages
[8.312s] symbolically linking /home/zine/ws_moveit/build/fixy_description/package.xml -> /home/zine/ws_moveit/install/fixy_description/share/fixy_description
[8.312s] creating /home/zine/ws_moveit/install/fixy_description/share/fixy_description/launch
[8.312s] symbolically linking /home/zine/ws_moveit/build/fixy_description/launch/gazebo.launch.py -> /home/zine/ws_moveit/install/fixy_description/share/fixy_description/launch
[8.312s] symbolically linking /home/zine/ws_moveit/build/fixy_description/launch/display.launch.py -> /home/zine/ws_moveit/install/fixy_description/share/fixy_description/launch
[8.313s] creating /home/zine/ws_moveit/install/fixy_description/share/fixy_description/urdf
[8.313s] symbolically linking /home/zine/ws_moveit/build/fixy_description/urdf/fixy.gazebo -> /home/zine/ws_moveit/install/fixy_description/share/fixy_description/urdf
[8.313s] symbolically linking /home/zine/ws_moveit/build/fixy_description/urdf/fixy.xacro -> /home/zine/ws_moveit/install/fixy_description/share/fixy_description/urdf
[8.313s] symbolically linking /home/zine/ws_moveit/build/fixy_description/urdf/materials.xacro -> /home/zine/ws_moveit/install/fixy_description/share/fixy_description/urdf
[8.313s] symbolically linking /home/zine/ws_moveit/build/fixy_description/urdf/fixy.trans -> /home/zine/ws_moveit/install/fixy_description/share/fixy_description/urdf
[8.313s] creating /home/zine/ws_moveit/install/fixy_description/share/fixy_description/meshes
[8.313s] symbolically linking /home/zine/ws_moveit/build/fixy_description/meshes/link_3_1.stl -> /home/zine/ws_moveit/install/fixy_description/share/fixy_description/meshes
[8.313s] symbolically linking /home/zine/ws_moveit/build/fixy_description/meshes/link_g_1.stl -> /home/zine/ws_moveit/install/fixy_description/share/fixy_description/meshes
[8.313s] symbolically linking /home/zine/ws_moveit/build/fixy_description/meshes/base_link.stl -> /home/zine/ws_moveit/install/fixy_description/share/fixy_description/meshes
[8.313s] symbolically linking /home/zine/ws_moveit/build/fixy_description/meshes/link_6_1.stl -> /home/zine/ws_moveit/install/fixy_description/share/fixy_description/meshes
[8.313s] symbolically linking /home/zine/ws_moveit/build/fixy_description/meshes/link_7_1.stl -> /home/zine/ws_moveit/install/fixy_description/share/fixy_description/meshes
[8.313s] symbolically linking /home/zine/ws_moveit/build/fixy_description/meshes/link_2_1.stl -> /home/zine/ws_moveit/install/fixy_description/share/fixy_description/meshes
[8.313s] symbolically linking /home/zine/ws_moveit/build/fixy_description/meshes/link_4_1.stl -> /home/zine/ws_moveit/install/fixy_description/share/fixy_description/meshes
[8.314s] symbolically linking /home/zine/ws_moveit/build/fixy_description/meshes/link_5_1.stl -> /home/zine/ws_moveit/install/fixy_description/share/fixy_description/meshes
[8.314s] symbolically linking /home/zine/ws_moveit/build/fixy_description/meshes/link_1_1.stl -> /home/zine/ws_moveit/install/fixy_description/share/fixy_description/meshes
[8.314s] creating /home/zine/ws_moveit/install/fixy_description/share/fixy_description/config
[8.314s] symbolically linking /home/zine/ws_moveit/build/fixy_description/config/display.rviz -> /home/zine/ws_moveit/install/fixy_description/share/fixy_description/config
[8.324s] Invoked command in '/home/zine/ws_moveit/build/fixy_description' returned '0': PYTHONPATH=/home/zine/ws_moveit/build/fixy_description/prefix_override:/usr/lib/python3/dist-packages/colcon_core/task/python/colcon_distutils_commands:/home/zine/ws_moveit/install/fixy_description/lib/python3.10/site-packages:${PYTHONPATH} /usr/bin/python3 -W ignore:setup.py install is deprecated -W ignore:easy_install command is deprecated setup.py develop --editable --build-directory /home/zine/ws_moveit/build/fixy_description/build --no-deps symlink_data
