[0.664s] Invoking command in '/home/zine/ws_moveit/build/hardware_controller': CMAKE_PREFIX_PATH=${CMAKE_PREFIX_PATH}:/home/zine/ws_moveit/install/moveit_configs_utils:/home/zine/ws_moveit/install/launch_param_builder:/home/zine/ws_moveit/install/fixy_description:/opt/ros/humble /usr/bin/cmake /home/zine/ws_moveit/src/hardware_controller -DAMENT_CMAKE_SYMLINK_INSTALL=1 -DCMAKE_INSTALL_PREFIX=/home/zine/ws_moveit/install/hardware_controller
[3.651s] -- The C compiler identification is GNU 11.4.0
[3.921s] -- The CXX compiler identification is GNU 11.4.0
[4.079s] -- Detecting C compiler ABI info
[4.215s] -- Detecting C compiler ABI info - done
[4.232s] -- Check for working C compiler: /usr/lib/ccache/cc - skipped
[4.258s] -- Detecting C compile features
[4.307s] -- Detecting C compile features - done
[4.321s] -- Detecting CXX compiler ABI info
[4.499s] -- Detecting CXX compiler ABI info - done
[4.511s] -- Check for working CXX compiler: /usr/lib/ccache/c++ - skipped
[4.511s] -- Detecting CXX compile features
[4.512s] -- Detecting CXX compile features - done
[4.516s] -- Found ament_cmake: 1.3.12 (/opt/ros/humble/share/ament_cmake/cmake)
[4.711s] -- Found Python3: /usr/bin/python3 (found version "3.10.12") found components: Interpreter 
[4.779s] -- Override CMake install command with custom implementation using symlinks instead of copying resources
[4.865s] -- Found hardware_interface: 2.51.0 (/opt/ros/humble/share/hardware_interface/cmake)
[6.069s] -- Found rosidl_generator_c: 3.1.7 (/opt/ros/humble/share/rosidl_generator_c/cmake)
[6.567s] -- Found rosidl_adapter: 3.1.7 (/opt/ros/humble/share/rosidl_adapter/cmake)
[7.242s] -- Found rosidl_generator_cpp: 3.1.7 (/opt/ros/humble/share/rosidl_generator_cpp/cmake)
[7.629s] -- Using all available rosidl_typesupport_c: rosidl_typesupport_fastrtps_c;rosidl_typesupport_introspection_c
[7.852s] -- Using all available rosidl_typesupport_cpp: rosidl_typesupport_fastrtps_cpp;rosidl_typesupport_introspection_cpp
[9.502s] -- Found rmw_implementation_cmake: 6.1.2 (/opt/ros/humble/share/rmw_implementation_cmake/cmake)
[9.507s] -- Found rmw_fastrtps_cpp: 6.2.8 (/opt/ros/humble/share/rmw_fastrtps_cpp/cmake)
[9.539s] -- Found TinyXML2 via Config file: TinyXML2_DIR-NOTFOUND
[9.614s] -- Found OpenSSL: /usr/lib/x86_64-linux-gnu/libcrypto.so (found version "3.0.2")  
[9.618s] -- Found TinyXML2 via Config file: TinyXML2_DIR-NOTFOUND
[9.634s] -- Found FastRTPS: /opt/ros/humble/include  
[9.636s] -- Found TinyXML2 via Config file: TinyXML2_DIR-NOTFOUND
[9.646s] -- Found TinyXML2 via Config file: TinyXML2_DIR-NOTFOUND
[9.665s] -- Using RMW implementation 'rmw_fastrtps_cpp' as default
[10.034s] -- Looking for pthread.h
[10.359s] -- Looking for pthread.h - found
[10.359s] -- Performing Test CMAKE_HAVE_LIBC_PTHREAD
[10.543s] -- Performing Test CMAKE_HAVE_LIBC_PTHREAD - Success
[10.544s] -- Found Threads: TRUE  
[13.173s] -- Configuring done
[14.035s] -- Generating done
[14.111s] -- Build files have been written to: /home/zine/ws_moveit/build/hardware_controller
[14.129s] Invoked command in '/home/zine/ws_moveit/build/hardware_controller' returned '0': CMAKE_PREFIX_PATH=${CMAKE_PREFIX_PATH}:/home/zine/ws_moveit/install/moveit_configs_utils:/home/zine/ws_moveit/install/launch_param_builder:/home/zine/ws_moveit/install/fixy_description:/opt/ros/humble /usr/bin/cmake /home/zine/ws_moveit/src/hardware_controller -DAMENT_CMAKE_SYMLINK_INSTALL=1 -DCMAKE_INSTALL_PREFIX=/home/zine/ws_moveit/install/hardware_controller
[14.134s] Invoking command in '/home/zine/ws_moveit/build/hardware_controller': CMAKE_PREFIX_PATH=${CMAKE_PREFIX_PATH}:/home/zine/ws_moveit/install/moveit_configs_utils:/home/zine/ws_moveit/install/launch_param_builder:/home/zine/ws_moveit/install/fixy_description:/opt/ros/humble /usr/bin/cmake --build /home/zine/ws_moveit/build/hardware_controller -- -j12 -l12
[14.196s] [ 50%] [32mBuilding CXX object CMakeFiles/hardware_controller.dir/src/hardware_controller_ry.cpp.o[0m
[21.550s] [100%] [32m[1mLinking CXX shared library libhardware_controller.so[0m
[22.566s] [100%] Built target hardware_controller
[22.576s] Invoked command in '/home/zine/ws_moveit/build/hardware_controller' returned '0': CMAKE_PREFIX_PATH=${CMAKE_PREFIX_PATH}:/home/zine/ws_moveit/install/moveit_configs_utils:/home/zine/ws_moveit/install/launch_param_builder:/home/zine/ws_moveit/install/fixy_description:/opt/ros/humble /usr/bin/cmake --build /home/zine/ws_moveit/build/hardware_controller -- -j12 -l12
[22.577s] Invoking command in '/home/zine/ws_moveit/build/hardware_controller': CMAKE_PREFIX_PATH=${CMAKE_PREFIX_PATH}:/home/zine/ws_moveit/install/moveit_configs_utils:/home/zine/ws_moveit/install/launch_param_builder:/home/zine/ws_moveit/install/fixy_description:/opt/ros/humble /usr/bin/cmake --install /home/zine/ws_moveit/build/hardware_controller
[22.585s] -- Install configuration: ""
[22.586s] -- Execute custom install script
[22.586s] -- Symlinking: /home/zine/ws_moveit/install/hardware_controller/share/hardware_controller//hardware_controller.xml
[22.595s] -- Symlinking: /home/zine/ws_moveit/install/hardware_controller/include/hardware_controller/hardware_controller.hpp
[22.603s] -- Up-to-date symlink: /home/zine/ws_moveit/install/hardware_controller/share/hardware_controller/hardware_controller.xml
[22.603s] -- Symlinking: /home/zine/ws_moveit/install/hardware_controller/share/hardware_controller//launch/launch.py
[22.611s] -- Symlinking: /home/zine/ws_moveit/install/hardware_controller/share/hardware_controller//config/hardware.yaml
[22.620s] -- Symlinking: /home/zine/ws_moveit/install/hardware_controller/share/hardware_controller/environment/library_path.sh
[22.628s] -- Symlinking: /home/zine/ws_moveit/install/hardware_controller/share/hardware_controller/environment/library_path.dsv
[22.636s] -- Symlinking: /home/zine/ws_moveit/install/hardware_controller/share/ament_index/resource_index/package_run_dependencies/hardware_controller
[22.645s] -- Symlinking: /home/zine/ws_moveit/install/hardware_controller/share/ament_index/resource_index/parent_prefix_path/hardware_controller
[22.653s] -- Symlinking: /home/zine/ws_moveit/install/hardware_controller/share/hardware_controller/environment/ament_prefix_path.sh
[22.663s] -- Symlinking: /home/zine/ws_moveit/install/hardware_controller/share/hardware_controller/environment/ament_prefix_path.dsv
[22.672s] -- Symlinking: /home/zine/ws_moveit/install/hardware_controller/share/hardware_controller/environment/path.sh
[22.680s] -- Symlinking: /home/zine/ws_moveit/install/hardware_controller/share/hardware_controller/environment/path.dsv
[22.688s] -- Symlinking: /home/zine/ws_moveit/install/hardware_controller/share/hardware_controller/local_setup.bash
[22.696s] -- Symlinking: /home/zine/ws_moveit/install/hardware_controller/share/hardware_controller/local_setup.sh
[22.705s] -- Symlinking: /home/zine/ws_moveit/install/hardware_controller/share/hardware_controller/local_setup.zsh
[22.713s] -- Symlinking: /home/zine/ws_moveit/install/hardware_controller/share/hardware_controller/local_setup.dsv
[22.722s] -- Symlinking: /home/zine/ws_moveit/install/hardware_controller/share/hardware_controller/package.dsv
[22.730s] -- Symlinking: /home/zine/ws_moveit/install/hardware_controller/share/ament_index/resource_index/packages/hardware_controller
[22.739s] -- Symlinking: /home/zine/ws_moveit/install/hardware_controller/share/ament_index/resource_index/hardware_interface__pluginlib__plugin/hardware_controller
[22.747s] -- Symlinking: /home/zine/ws_moveit/install/hardware_controller/share/hardware_controller/cmake/ament_cmake_export_include_directories-extras.cmake
[22.756s] -- Symlinking: /home/zine/ws_moveit/install/hardware_controller/share/hardware_controller/cmake/ament_cmake_export_libraries-extras.cmake
[22.765s] -- Symlinking: /home/zine/ws_moveit/install/hardware_controller/share/hardware_controller/cmake/ament_cmake_export_dependencies-extras.cmake
[22.774s] -- Symlinking: /home/zine/ws_moveit/install/hardware_controller/share/hardware_controller/cmake/hardware_controllerConfig.cmake
[22.783s] -- Symlinking: /home/zine/ws_moveit/install/hardware_controller/share/hardware_controller/cmake/hardware_controllerConfig-version.cmake
[22.792s] -- Symlinking: /home/zine/ws_moveit/install/hardware_controller/share/hardware_controller/package.xml
[22.802s] -- Installing: /home/zine/ws_moveit/install/hardware_controller/lib/libhardware_controller.so
[22.803s] -- Set runtime path of "/home/zine/ws_moveit/install/hardware_controller/lib/libhardware_controller.so" to ""
[22.804s] Invoked command in '/home/zine/ws_moveit/build/hardware_controller' returned '0': CMAKE_PREFIX_PATH=${CMAKE_PREFIX_PATH}:/home/zine/ws_moveit/install/moveit_configs_utils:/home/zine/ws_moveit/install/launch_param_builder:/home/zine/ws_moveit/install/fixy_description:/opt/ros/humble /usr/bin/cmake --install /home/zine/ws_moveit/build/hardware_controller
