[0.018s] Invoking command in '/home/zine/ws_moveit/build/moveit_core': CMAKE_PREFIX_PATH=/home/zine/ws_moveit/install/moveit_resources_panda_moveit_config:/home/zine/ws_moveit/install/srdfdom:/home/zine/ws_moveit/install/moveit_resources_pr2_description:/home/zine/ws_moveit/install/moveit_resources_panda_description:/home/zine/ws_moveit/install/moveit_common:/home/zine/ws_moveit/install/pilz_industrial_motion_planner_testutils:/home/zine/ws_moveit/install/moveit_runtime:/home/zine/ws_moveit/install/moveit2_tutorials:/home/zine/ws_moveit/install/moveit:/home/zine/ws_moveit/install/lab_arm_config:/home/zine/ws_moveit/install/fixy_config:/home/zine/ws_moveit/install/moveit_planners:/home/zine/ws_moveit/install/pilz_industrial_motion_planner:/home/zine/ws_moveit/install/moveit_visual_tools:/home/zine/ws_moveit/install/moveit_task_constructor_visualization:/home/zine/ws_moveit/install/moveit_task_constructor_demo:/home/zine/ws_moveit/install/moveit_task_constructor_capabilities:/home/zine/ws_moveit/install/moveit_task_constructor_core:/home/zine/ws_moveit/install/moveit_ros_control_interface:/home/zine/ws_moveit/install/moveit_plugins:/home/zine/ws_moveit/install/moveit_simple_controller_manager:/home/zine/ws_moveit/install/moveit_setup_assistant:/home/zine/ws_moveit/install/moveit_setup_srdf_plugins:/home/zine/ws_moveit/install/moveit_setup_core_plugins:/home/zine/ws_moveit/install/moveit_setup_controllers:/home/zine/ws_moveit/install/moveit_setup_app_plugins:/home/zine/ws_moveit/install/moveit_setup_framework:/home/zine/ws_moveit/install/moveit_servo:/home/zine/ws_moveit/install/moveit_ros:/home/zine/ws_moveit/install/moveit_ros_visualization:/home/zine/ws_moveit/install/moveit_hybrid_planning:/home/zine/ws_moveit/install/moveit_ros_planning_interface:/home/zine/ws_moveit/install/moveit_ros_benchmarks:/home/zine/ws_moveit/install/moveit_ros_warehouse:/home/zine/ws_moveit/install/moveit_ros_robot_interaction:/home/zine/ws_moveit/install/moveit_ros_perception:/home/zine/ws_moveit/install/moveit_resources_prbt_pg70_support:/home/zine/ws_moveit/install/moveit_resources_prbt_moveit_config:/home/zine/ws_moveit/install/moveit_ros_move_group:/home/zine/ws_moveit/install/moveit_planners_ompl:/home/zine/ws_moveit/install/moveit_ros_planning:/home/zine/ws_moveit/install/moveit_ros_occupancy_map_monitor:/home/zine/ws_moveit/install/moveit_resources_prbt_ikfast_manipulator_plugin:/home/zine/ws_moveit/install/moveit_planners_chomp:/home/zine/ws_moveit/install/moveit_kinematics:/home/zine/ws_moveit/install/moveit_chomp_optimizer_adapter:/home/zine/ws_moveit/install/chomp_motion_planner:/home/zine/ws_moveit/install/moveit_core:/home/zine/ws_moveit/install/moveit_configs_utils:/home/zine/ws_moveit/install/launch_param_builder:/home/zine/ws_moveit/install/fixy_description:/opt/ros/humble:/home/zine/ws_moveit/install/serial:/home/zine/ws_moveit/install/rviz_marker_tools:/home/zine/ws_moveit/install/rosparam_shortcuts:/home/zine/ws_moveit/install/moveit_task_constructor_msgs:/home/zine/ws_moveit/install/moveit_resources_prbt_support:/home/zine/ws_moveit/install/moveit_resources:/home/zine/ws_moveit/install/moveit_resources_fanuc_moveit_config:/home/zine/ws_moveit/install/moveit_resources_fanuc_description:/home/zine/ws_moveit/install/hardware_controller LD_LIBRARY_PATH=/home/zine/ws_moveit/install/srdfdom/lib:/opt/ros/humble/lib:/opt/ros/humble/lib:/home/zine/ws_moveit/install/pilz_industrial_motion_planner_testutils/lib:/home/zine/ws_moveit/install/pilz_industrial_motion_planner/lib:/home/zine/ws_moveit/install/moveit_visual_tools/lib:/home/zine/ws_moveit/install/moveit_task_constructor_visualization/lib:/home/zine/ws_moveit/install/moveit_task_constructor_demo/lib:/home/zine/ws_moveit/install/moveit_task_constructor_capabilities/lib:/home/zine/ws_moveit/install/moveit_task_constructor_core/lib:/home/zine/ws_moveit/install/moveit_ros_control_interface/lib:/home/zine/ws_moveit/install/moveit_simple_controller_manager/lib:/home/zine/ws_moveit/install/moveit_setup_assistant/lib:/home/zine/ws_moveit/install/moveit_setup_srdf_plugins/lib:/home/zine/ws_moveit/install/moveit_setup_core_plugins/lib:/home/zine/ws_moveit/install/moveit_setup_controllers/lib:/home/zine/ws_moveit/install/moveit_setup_app_plugins/lib:/home/zine/ws_moveit/install/moveit_setup_framework/lib:/home/zine/ws_moveit/install/moveit_servo/lib:/home/zine/ws_moveit/install/moveit_ros_visualization/lib:/home/zine/ws_moveit/install/moveit_hybrid_planning/lib:/home/zine/ws_moveit/install/moveit_ros_planning_interface/lib:/home/zine/ws_moveit/install/moveit_ros_benchmarks/lib:/home/zine/ws_moveit/install/moveit_ros_warehouse/lib:/home/zine/ws_moveit/install/moveit_ros_robot_interaction/lib:/home/zine/ws_moveit/install/moveit_ros_perception/lib:/home/zine/ws_moveit/install/moveit_ros_move_group/lib:/home/zine/ws_moveit/install/moveit_planners_ompl/lib:/home/zine/ws_moveit/install/moveit_ros_planning/lib:/home/zine/ws_moveit/install/moveit_ros_occupancy_map_monitor/lib:/home/zine/ws_moveit/install/moveit_resources_prbt_ikfast_manipulator_plugin/lib:/home/zine/ws_moveit/install/moveit_planners_chomp/lib:/home/zine/ws_moveit/install/moveit_kinematics/lib:/home/zine/ws_moveit/install/moveit_chomp_optimizer_adapter/lib:/home/zine/ws_moveit/install/chomp_motion_planner/lib:/home/zine/ws_moveit/install/moveit_core/lib:/home/zine/ws_moveit/install/serial/lib:/home/zine/ws_moveit/install/rviz_marker_tools/lib:/home/zine/ws_moveit/install/rosparam_shortcuts/lib:/home/zine/ws_moveit/install/moveit_task_constructor_msgs/lib:/home/zine/ws_moveit/install/hardware_controller/lib:/usr/lib/x86_64-linux-gnu/gazebo-11/plugins:/opt/ros/humble/opt/rviz_ogre_vendor/lib:/opt/ros/humble/lib/x86_64-linux-gnu:/opt/ros/humble/lib:/usr/share/gazebo/../../lib/x86_64-linux-gnu/gazebo-11/plugins /usr/bin/cmake /home/zine/ws_moveit/src/moveit2/moveit_core -DAMENT_CMAKE_SYMLINK_INSTALL=1 -DCMAKE_INSTALL_PREFIX=/home/zine/ws_moveit/install/moveit_core
[0.303s] -- The CXX compiler identification is GNU 11.4.0
[0.313s] -- Detecting CXX compiler ABI info
[0.381s] -- Detecting CXX compiler ABI info - done
[0.387s] -- Check for working CXX compiler: /usr/lib/ccache/c++ - skipped
[0.387s] -- Detecting CXX compile features
[0.388s] -- Detecting CXX compile features - done
[0.389s] -- Found moveit_common: 2.5.8 (/home/zine/ws_moveit/install/moveit_common/share/moveit_common/cmake)
[0.392s] -- Found ament_cmake: 1.3.12 (/opt/ros/humble/share/ament_cmake/cmake)
[0.529s] -- Found Python3: /usr/bin/python3 (found version "3.10.12") found components: Interpreter 
[0.583s] -- Override CMake install command with custom implementation using symlinks instead of copying resources
[0.675s] [0mmoveit_core: You did not request a specific build type: Choosing 'Release' for maximum performance[0m
[0.709s] -- Found angles: 1.15.0 (/opt/ros/humble/share/angles/cmake)
[0.829s] -- Found Bullet: /usr/lib/x86_64-linux-gnu/libBulletDynamics.so (Required is at least version "2.87") 
[0.853s] -- Found common_interfaces: 4.9.0 (/opt/ros/humble/share/common_interfaces/cmake)
[1.214s] -- Found eigen_stl_containers: 1.1.0 (/opt/ros/humble/share/eigen_stl_containers/cmake)
[1.232s] -- Found eigen3_cmake_module: 0.1.1 (/opt/ros/humble/share/eigen3_cmake_module/cmake)
[1.333s] -- Found Eigen3: TRUE (found version "3.4.0") 
[1.536s] -- Found generate_parameter_library: 0.5.0 (/opt/ros/humble/share/generate_parameter_library/cmake)
[1.547s] -- Found parameter_traits: 0.5.0 (/opt/ros/humble/share/parameter_traits/cmake)
[1.592s] -- Found rosidl_generator_c: 3.1.7 (/opt/ros/humble/share/rosidl_generator_c/cmake)
[1.598s] -- Found rosidl_adapter: 3.1.7 (/opt/ros/humble/share/rosidl_adapter/cmake)
[1.608s] -- Found rosidl_generator_cpp: 3.1.7 (/opt/ros/humble/share/rosidl_generator_cpp/cmake)
[1.632s] -- Using all available rosidl_typesupport_c: rosidl_typesupport_fastrtps_c;rosidl_typesupport_introspection_c
[1.650s] -- Using all available rosidl_typesupport_cpp: rosidl_typesupport_fastrtps_cpp;rosidl_typesupport_introspection_cpp
[1.701s] -- Found rmw_implementation_cmake: 6.1.2 (/opt/ros/humble/share/rmw_implementation_cmake/cmake)
[1.706s] -- Found rmw_fastrtps_cpp: 6.2.8 (/opt/ros/humble/share/rmw_fastrtps_cpp/cmake)
[1.816s] -- Found OpenSSL: /usr/lib/x86_64-linux-gnu/libcrypto.so (found version "3.0.2")  
[1.856s] -- Found FastRTPS: /opt/ros/humble/include  
[1.921s] -- Using RMW implementation 'rmw_fastrtps_cpp' as default
[1.936s] -- Looking for C++ include pthread.h
[2.551s] -- Looking for C++ include pthread.h - found
[2.551s] -- Performing Test CMAKE_HAVE_LIBC_PTHREAD
[2.715s] -- Performing Test CMAKE_HAVE_LIBC_PTHREAD - Success
[2.717s] -- Found Threads: TRUE  
[3.376s] -- Found rclcpp_lifecycle: 16.0.14 (/opt/ros/humble/share/rclcpp_lifecycle/cmake)
[3.983s] -- Found geometric_shapes: 2.3.2 (/opt/ros/humble/share/geometric_shapes/cmake)
[4.079s] -- Found Boost: /usr/lib/x86_64-linux-gnu/cmake/Boost-1.74.0/BoostConfig.cmake (found version "1.74.0") found components: filesystem 
[4.730s] -- library: /usr/lib/x86_64-linux-gnu/libcurl.so
[4.833s] -- Found kdl_parser: 2.6.4 (/opt/ros/humble/share/kdl_parser/cmake)
[5.032s] -- Ensuring Eigen3 include directory is part of orocos-kdl CMake target
[5.039s] -- Found moveit_msgs: 2.2.1 (/opt/ros/humble/share/moveit_msgs/cmake)
[5.176s] -- Found pluginlib: 5.1.0 (/opt/ros/humble/share/pluginlib/cmake)
[5.258s] -- Found srdfdom: 2.0.7 (/home/zine/ws_moveit/install/srdfdom/share/srdfdom/cmake)
[5.271s] -- Found tf2_eigen: 0.25.15 (/opt/ros/humble/share/tf2_eigen/cmake)
[5.642s] -- Found tf2_geometry_msgs: 0.25.15 (/opt/ros/humble/share/tf2_geometry_msgs/cmake)
[5.703s] -- Found tf2_kdl: 0.25.15 (/opt/ros/humble/share/tf2_kdl/cmake)
[6.283s] -- Found Boost: /usr/lib/x86_64-linux-gnu/cmake/Boost-1.74.0/BoostConfig.cmake (found version "1.74.0") found components: chrono date_time filesystem iostreams program_options regex serialization system thread 
[6.284s] --  *** Building MoveIt 2.5.8-Alpha ***
[6.449s] -- Performing Test COMPILER_HAS_HIDDEN_VISIBILITY
[6.650s] -- Performing Test COMPILER_HAS_HIDDEN_VISIBILITY - Success
[6.650s] -- Performing Test COMPILER_HAS_HIDDEN_INLINE_VISIBILITY
[6.842s] -- Performing Test COMPILER_HAS_HIDDEN_INLINE_VISIBILITY - Success
[6.842s] -- Performing Test COMPILER_HAS_DEPRECATED_ATTR
[6.993s] -- Performing Test COMPILER_HAS_DEPRECATED_ATTR - Success
[7.154s] -- Found ament_cmake_gtest: 1.3.12 (/opt/ros/humble/share/ament_cmake_gtest/cmake)
[7.157s] -- Found gtest sources under '/opt/ros/humble/src/gtest_vendor': C++ tests using 'Google Test' will be built
[7.276s] -- The C compiler identification is GNU 11.4.0
[7.285s] -- Detecting C compiler ABI info
[7.375s] -- Detecting C compiler ABI info - done
[7.382s] -- Check for working C compiler: /usr/lib/ccache/cc - skipped
[7.382s] -- Detecting C compile features
[7.382s] -- Detecting C compile features - done
[7.454s] -- Found ament_cmake_gmock: 1.3.12 (/opt/ros/humble/share/ament_cmake_gmock/cmake)
[7.637s] -- Found gmock sources under '/opt/ros/humble/src/gmock_vendor': C++ tests using 'Google Mock' will be built
[7.641s] -- Found ament_cmake_gtest: 1.3.12 (/opt/ros/humble/share/ament_cmake_gtest/cmake)
[7.641s] -- Found gtest sources under '/opt/ros/humble/src/gtest_vendor': C++ tests using 'Google Test' will be built
[7.729s] -- Found ament_cmake_gtest: 1.3.12 (/opt/ros/humble/share/ament_cmake_gtest/cmake)
[7.729s] -- Found gtest sources under '/opt/ros/humble/src/gtest_vendor': C++ tests using 'Google Test' will be built
[7.831s] -- Found ament_cmake_gtest: 1.3.12 (/opt/ros/humble/share/ament_cmake_gtest/cmake)
[7.831s] -- Found gtest sources under '/opt/ros/humble/src/gtest_vendor': C++ tests using 'Google Test' will be built
[7.853s] -- Found ament_lint_auto: 0.12.14 (/opt/ros/humble/share/ament_lint_auto/cmake)
[7.854s] -- Found ament_cmake_gtest: 1.3.12 (/opt/ros/humble/share/ament_cmake_gtest/cmake)
[7.855s] -- Found gtest sources under '/opt/ros/humble/src/gtest_vendor': C++ tests using 'Google Test' will be built
[7.889s] -- Found ament_cmake_gtest: 1.3.12 (/opt/ros/humble/share/ament_cmake_gtest/cmake)
[7.890s] -- Found gtest sources under '/opt/ros/humble/src/gtest_vendor': C++ tests using 'Google Test' will be built
[7.932s] -- Found ament_cmake_gtest: 1.3.12 (/opt/ros/humble/share/ament_cmake_gtest/cmake)
[7.932s] -- Found gtest sources under '/opt/ros/humble/src/gtest_vendor': C++ tests using 'Google Test' will be built
[7.982s] -- Found ament_cmake_gtest: 1.3.12 (/opt/ros/humble/share/ament_cmake_gtest/cmake)
[7.983s] -- Found gmock sources under '/opt/ros/humble/src/gmock_vendor': C++ tests using 'Google Mock' will be built
[7.983s] -- Found gtest sources under '/opt/ros/humble/src/gtest_vendor': C++ tests using 'Google Test' will be built
[8.017s] -- Found gtest sources under '/opt/ros/humble/src/gtest_vendor': C++ tests using 'Google Test' will be built
[8.035s] -- Found gtest sources under '/opt/ros/humble/src/gtest_vendor': C++ tests using 'Google Test' will be built
[8.077s] -- Found ament_cmake_gtest: 1.3.12 (/opt/ros/humble/share/ament_cmake_gtest/cmake)
[8.077s] -- Found gtest sources under '/opt/ros/humble/src/gtest_vendor': C++ tests using 'Google Test' will be built
[8.141s] -- Found gtest sources under '/opt/ros/humble/src/gtest_vendor': C++ tests using 'Google Test' will be built
[8.171s] -- Found gtest sources under '/opt/ros/humble/src/gtest_vendor': C++ tests using 'Google Test' will be built
[8.250s] -- Found gtest sources under '/opt/ros/humble/src/gtest_vendor': C++ tests using 'Google Test' will be built
[8.257s] -- Found ament_lint_auto: 0.12.14 (/opt/ros/humble/share/ament_lint_auto/cmake)
[8.295s] -- Added test 'cppcheck' to perform static code analysis on C / C++ code
[8.296s] -- Configured cppcheck include dirs: /home/zine/ws_moveit/src/moveit2/moveit_core/exceptions/include;/home/zine/ws_moveit/src/moveit2/moveit_core/collision_detection/include;/home/zine/ws_moveit/src/moveit2/moveit_core/collision_detection_fcl/include;/home/zine/ws_moveit/src/moveit2/moveit_core/collision_detection_bullet/include;/home/zine/ws_moveit/src/moveit2/moveit_core/constraint_samplers/include;/home/zine/ws_moveit/src/moveit2/moveit_core/controller_manager/include;/home/zine/ws_moveit/src/moveit2/moveit_core/distance_field/include;/home/zine/ws_moveit/src/moveit2/moveit_core/collision_distance_field/include;/home/zine/ws_moveit/src/moveit2/moveit_core/dynamics_solver/include;/home/zine/ws_moveit/src/moveit2/moveit_core/kinematics_base/include;/home/zine/ws_moveit/src/moveit2/moveit_core/kinematics_metrics/include;/home/zine/ws_moveit/src/moveit2/moveit_core/robot_model/include;/home/zine/ws_moveit/src/moveit2/moveit_core/transforms/include;/home/zine/ws_moveit/src/moveit2/moveit_core/robot_state/include;/home/zine/ws_moveit/src/moveit2/moveit_core/robot_trajectory/include;/home/zine/ws_moveit/src/moveit2/moveit_core/kinematic_constraints/include;/home/zine/ws_moveit/src/moveit2/moveit_core/macros/include;/home/zine/ws_moveit/src/moveit2/moveit_core/online_signal_smoothing/include;/home/zine/ws_moveit/src/moveit2/moveit_core/planning_interface/include;/home/zine/ws_moveit/src/moveit2/moveit_core/planning_request_adapter/include;/home/zine/ws_moveit/src/moveit2/moveit_core/planning_scene/include;/home/zine/ws_moveit/src/moveit2/moveit_core/sensor_manager/include;/home/zine/ws_moveit/src/moveit2/moveit_core/trajectory_processing/include;/home/zine/ws_moveit/src/moveit2/moveit_core/utils/include
[8.296s] -- Configured cppcheck exclude dirs and/or files: 
[8.304s] -- Added test 'pep257' to check Python code against some of the docstring style conventions in PEP 257
[8.308s] -- Added test 'xmllint' to check XML markup files
[8.316s] -- Configuring done
[9.307s] -- Generating done
[9.453s] -- Build files have been written to: /home/zine/ws_moveit/build/moveit_core
[9.485s] Invoked command in '/home/zine/ws_moveit/build/moveit_core' returned '0': CMAKE_PREFIX_PATH=/home/zine/ws_moveit/install/moveit_resources_panda_moveit_config:/home/zine/ws_moveit/install/srdfdom:/home/zine/ws_moveit/install/moveit_resources_pr2_description:/home/zine/ws_moveit/install/moveit_resources_panda_description:/home/zine/ws_moveit/install/moveit_common:/home/zine/ws_moveit/install/pilz_industrial_motion_planner_testutils:/home/zine/ws_moveit/install/moveit_runtime:/home/zine/ws_moveit/install/moveit2_tutorials:/home/zine/ws_moveit/install/moveit:/home/zine/ws_moveit/install/lab_arm_config:/home/zine/ws_moveit/install/fixy_config:/home/zine/ws_moveit/install/moveit_planners:/home/zine/ws_moveit/install/pilz_industrial_motion_planner:/home/zine/ws_moveit/install/moveit_visual_tools:/home/zine/ws_moveit/install/moveit_task_constructor_visualization:/home/zine/ws_moveit/install/moveit_task_constructor_demo:/home/zine/ws_moveit/install/moveit_task_constructor_capabilities:/home/zine/ws_moveit/install/moveit_task_constructor_core:/home/zine/ws_moveit/install/moveit_ros_control_interface:/home/zine/ws_moveit/install/moveit_plugins:/home/zine/ws_moveit/install/moveit_simple_controller_manager:/home/zine/ws_moveit/install/moveit_setup_assistant:/home/zine/ws_moveit/install/moveit_setup_srdf_plugins:/home/zine/ws_moveit/install/moveit_setup_core_plugins:/home/zine/ws_moveit/install/moveit_setup_controllers:/home/zine/ws_moveit/install/moveit_setup_app_plugins:/home/zine/ws_moveit/install/moveit_setup_framework:/home/zine/ws_moveit/install/moveit_servo:/home/zine/ws_moveit/install/moveit_ros:/home/zine/ws_moveit/install/moveit_ros_visualization:/home/zine/ws_moveit/install/moveit_hybrid_planning:/home/zine/ws_moveit/install/moveit_ros_planning_interface:/home/zine/ws_moveit/install/moveit_ros_benchmarks:/home/zine/ws_moveit/install/moveit_ros_warehouse:/home/zine/ws_moveit/install/moveit_ros_robot_interaction:/home/zine/ws_moveit/install/moveit_ros_perception:/home/zine/ws_moveit/install/moveit_resources_prbt_pg70_support:/home/zine/ws_moveit/install/moveit_resources_prbt_moveit_config:/home/zine/ws_moveit/install/moveit_ros_move_group:/home/zine/ws_moveit/install/moveit_planners_ompl:/home/zine/ws_moveit/install/moveit_ros_planning:/home/zine/ws_moveit/install/moveit_ros_occupancy_map_monitor:/home/zine/ws_moveit/install/moveit_resources_prbt_ikfast_manipulator_plugin:/home/zine/ws_moveit/install/moveit_planners_chomp:/home/zine/ws_moveit/install/moveit_kinematics:/home/zine/ws_moveit/install/moveit_chomp_optimizer_adapter:/home/zine/ws_moveit/install/chomp_motion_planner:/home/zine/ws_moveit/install/moveit_core:/home/zine/ws_moveit/install/moveit_configs_utils:/home/zine/ws_moveit/install/launch_param_builder:/home/zine/ws_moveit/install/fixy_description:/opt/ros/humble:/home/zine/ws_moveit/install/serial:/home/zine/ws_moveit/install/rviz_marker_tools:/home/zine/ws_moveit/install/rosparam_shortcuts:/home/zine/ws_moveit/install/moveit_task_constructor_msgs:/home/zine/ws_moveit/install/moveit_resources_prbt_support:/home/zine/ws_moveit/install/moveit_resources:/home/zine/ws_moveit/install/moveit_resources_fanuc_moveit_config:/home/zine/ws_moveit/install/moveit_resources_fanuc_description:/home/zine/ws_moveit/install/hardware_controller LD_LIBRARY_PATH=/home/zine/ws_moveit/install/srdfdom/lib:/opt/ros/humble/lib:/opt/ros/humble/lib:/home/zine/ws_moveit/install/pilz_industrial_motion_planner_testutils/lib:/home/zine/ws_moveit/install/pilz_industrial_motion_planner/lib:/home/zine/ws_moveit/install/moveit_visual_tools/lib:/home/zine/ws_moveit/install/moveit_task_constructor_visualization/lib:/home/zine/ws_moveit/install/moveit_task_constructor_demo/lib:/home/zine/ws_moveit/install/moveit_task_constructor_capabilities/lib:/home/zine/ws_moveit/install/moveit_task_constructor_core/lib:/home/zine/ws_moveit/install/moveit_ros_control_interface/lib:/home/zine/ws_moveit/install/moveit_simple_controller_manager/lib:/home/zine/ws_moveit/install/moveit_setup_assistant/lib:/home/zine/ws_moveit/install/moveit_setup_srdf_plugins/lib:/home/zine/ws_moveit/install/moveit_setup_core_plugins/lib:/home/zine/ws_moveit/install/moveit_setup_controllers/lib:/home/zine/ws_moveit/install/moveit_setup_app_plugins/lib:/home/zine/ws_moveit/install/moveit_setup_framework/lib:/home/zine/ws_moveit/install/moveit_servo/lib:/home/zine/ws_moveit/install/moveit_ros_visualization/lib:/home/zine/ws_moveit/install/moveit_hybrid_planning/lib:/home/zine/ws_moveit/install/moveit_ros_planning_interface/lib:/home/zine/ws_moveit/install/moveit_ros_benchmarks/lib:/home/zine/ws_moveit/install/moveit_ros_warehouse/lib:/home/zine/ws_moveit/install/moveit_ros_robot_interaction/lib:/home/zine/ws_moveit/install/moveit_ros_perception/lib:/home/zine/ws_moveit/install/moveit_ros_move_group/lib:/home/zine/ws_moveit/install/moveit_planners_ompl/lib:/home/zine/ws_moveit/install/moveit_ros_planning/lib:/home/zine/ws_moveit/install/moveit_ros_occupancy_map_monitor/lib:/home/zine/ws_moveit/install/moveit_resources_prbt_ikfast_manipulator_plugin/lib:/home/zine/ws_moveit/install/moveit_planners_chomp/lib:/home/zine/ws_moveit/install/moveit_kinematics/lib:/home/zine/ws_moveit/install/moveit_chomp_optimizer_adapter/lib:/home/zine/ws_moveit/install/chomp_motion_planner/lib:/home/zine/ws_moveit/install/moveit_core/lib:/home/zine/ws_moveit/install/serial/lib:/home/zine/ws_moveit/install/rviz_marker_tools/lib:/home/zine/ws_moveit/install/rosparam_shortcuts/lib:/home/zine/ws_moveit/install/moveit_task_constructor_msgs/lib:/home/zine/ws_moveit/install/hardware_controller/lib:/usr/lib/x86_64-linux-gnu/gazebo-11/plugins:/opt/ros/humble/opt/rviz_ogre_vendor/lib:/opt/ros/humble/lib/x86_64-linux-gnu:/opt/ros/humble/lib:/usr/share/gazebo/../../lib/x86_64-linux-gnu/gazebo-11/plugins /usr/bin/cmake /home/zine/ws_moveit/src/moveit2/moveit_core -DAMENT_CMAKE_SYMLINK_INSTALL=1 -DCMAKE_INSTALL_PREFIX=/home/zine/ws_moveit/install/moveit_core
[9.485s] Invoking command in '/home/zine/ws_moveit/build/moveit_core': CMAKE_PREFIX_PATH=/home/zine/ws_moveit/install/moveit_resources_panda_moveit_config:/home/zine/ws_moveit/install/srdfdom:/home/zine/ws_moveit/install/moveit_resources_pr2_description:/home/zine/ws_moveit/install/moveit_resources_panda_description:/home/zine/ws_moveit/install/moveit_common:/home/zine/ws_moveit/install/pilz_industrial_motion_planner_testutils:/home/zine/ws_moveit/install/moveit_runtime:/home/zine/ws_moveit/install/moveit2_tutorials:/home/zine/ws_moveit/install/moveit:/home/zine/ws_moveit/install/lab_arm_config:/home/zine/ws_moveit/install/fixy_config:/home/zine/ws_moveit/install/moveit_planners:/home/zine/ws_moveit/install/pilz_industrial_motion_planner:/home/zine/ws_moveit/install/moveit_visual_tools:/home/zine/ws_moveit/install/moveit_task_constructor_visualization:/home/zine/ws_moveit/install/moveit_task_constructor_demo:/home/zine/ws_moveit/install/moveit_task_constructor_capabilities:/home/zine/ws_moveit/install/moveit_task_constructor_core:/home/zine/ws_moveit/install/moveit_ros_control_interface:/home/zine/ws_moveit/install/moveit_plugins:/home/zine/ws_moveit/install/moveit_simple_controller_manager:/home/zine/ws_moveit/install/moveit_setup_assistant:/home/zine/ws_moveit/install/moveit_setup_srdf_plugins:/home/zine/ws_moveit/install/moveit_setup_core_plugins:/home/zine/ws_moveit/install/moveit_setup_controllers:/home/zine/ws_moveit/install/moveit_setup_app_plugins:/home/zine/ws_moveit/install/moveit_setup_framework:/home/zine/ws_moveit/install/moveit_servo:/home/zine/ws_moveit/install/moveit_ros:/home/zine/ws_moveit/install/moveit_ros_visualization:/home/zine/ws_moveit/install/moveit_hybrid_planning:/home/zine/ws_moveit/install/moveit_ros_planning_interface:/home/zine/ws_moveit/install/moveit_ros_benchmarks:/home/zine/ws_moveit/install/moveit_ros_warehouse:/home/zine/ws_moveit/install/moveit_ros_robot_interaction:/home/zine/ws_moveit/install/moveit_ros_perception:/home/zine/ws_moveit/install/moveit_resources_prbt_pg70_support:/home/zine/ws_moveit/install/moveit_resources_prbt_moveit_config:/home/zine/ws_moveit/install/moveit_ros_move_group:/home/zine/ws_moveit/install/moveit_planners_ompl:/home/zine/ws_moveit/install/moveit_ros_planning:/home/zine/ws_moveit/install/moveit_ros_occupancy_map_monitor:/home/zine/ws_moveit/install/moveit_resources_prbt_ikfast_manipulator_plugin:/home/zine/ws_moveit/install/moveit_planners_chomp:/home/zine/ws_moveit/install/moveit_kinematics:/home/zine/ws_moveit/install/moveit_chomp_optimizer_adapter:/home/zine/ws_moveit/install/chomp_motion_planner:/home/zine/ws_moveit/install/moveit_core:/home/zine/ws_moveit/install/moveit_configs_utils:/home/zine/ws_moveit/install/launch_param_builder:/home/zine/ws_moveit/install/fixy_description:/opt/ros/humble:/home/zine/ws_moveit/install/serial:/home/zine/ws_moveit/install/rviz_marker_tools:/home/zine/ws_moveit/install/rosparam_shortcuts:/home/zine/ws_moveit/install/moveit_task_constructor_msgs:/home/zine/ws_moveit/install/moveit_resources_prbt_support:/home/zine/ws_moveit/install/moveit_resources:/home/zine/ws_moveit/install/moveit_resources_fanuc_moveit_config:/home/zine/ws_moveit/install/moveit_resources_fanuc_description:/home/zine/ws_moveit/install/hardware_controller LD_LIBRARY_PATH=/home/zine/ws_moveit/install/srdfdom/lib:/opt/ros/humble/lib:/opt/ros/humble/lib:/home/zine/ws_moveit/install/pilz_industrial_motion_planner_testutils/lib:/home/zine/ws_moveit/install/pilz_industrial_motion_planner/lib:/home/zine/ws_moveit/install/moveit_visual_tools/lib:/home/zine/ws_moveit/install/moveit_task_constructor_visualization/lib:/home/zine/ws_moveit/install/moveit_task_constructor_demo/lib:/home/zine/ws_moveit/install/moveit_task_constructor_capabilities/lib:/home/zine/ws_moveit/install/moveit_task_constructor_core/lib:/home/zine/ws_moveit/install/moveit_ros_control_interface/lib:/home/zine/ws_moveit/install/moveit_simple_controller_manager/lib:/home/zine/ws_moveit/install/moveit_setup_assistant/lib:/home/zine/ws_moveit/install/moveit_setup_srdf_plugins/lib:/home/zine/ws_moveit/install/moveit_setup_core_plugins/lib:/home/zine/ws_moveit/install/moveit_setup_controllers/lib:/home/zine/ws_moveit/install/moveit_setup_app_plugins/lib:/home/zine/ws_moveit/install/moveit_setup_framework/lib:/home/zine/ws_moveit/install/moveit_servo/lib:/home/zine/ws_moveit/install/moveit_ros_visualization/lib:/home/zine/ws_moveit/install/moveit_hybrid_planning/lib:/home/zine/ws_moveit/install/moveit_ros_planning_interface/lib:/home/zine/ws_moveit/install/moveit_ros_benchmarks/lib:/home/zine/ws_moveit/install/moveit_ros_warehouse/lib:/home/zine/ws_moveit/install/moveit_ros_robot_interaction/lib:/home/zine/ws_moveit/install/moveit_ros_perception/lib:/home/zine/ws_moveit/install/moveit_ros_move_group/lib:/home/zine/ws_moveit/install/moveit_planners_ompl/lib:/home/zine/ws_moveit/install/moveit_ros_planning/lib:/home/zine/ws_moveit/install/moveit_ros_occupancy_map_monitor/lib:/home/zine/ws_moveit/install/moveit_resources_prbt_ikfast_manipulator_plugin/lib:/home/zine/ws_moveit/install/moveit_planners_chomp/lib:/home/zine/ws_moveit/install/moveit_kinematics/lib:/home/zine/ws_moveit/install/moveit_chomp_optimizer_adapter/lib:/home/zine/ws_moveit/install/chomp_motion_planner/lib:/home/zine/ws_moveit/install/moveit_core/lib:/home/zine/ws_moveit/install/serial/lib:/home/zine/ws_moveit/install/rviz_marker_tools/lib:/home/zine/ws_moveit/install/rosparam_shortcuts/lib:/home/zine/ws_moveit/install/moveit_task_constructor_msgs/lib:/home/zine/ws_moveit/install/hardware_controller/lib:/usr/lib/x86_64-linux-gnu/gazebo-11/plugins:/opt/ros/humble/opt/rviz_ogre_vendor/lib:/opt/ros/humble/lib/x86_64-linux-gnu:/opt/ros/humble/lib:/usr/share/gazebo/../../lib/x86_64-linux-gnu/gazebo-11/plugins /usr/bin/cmake --build /home/zine/ws_moveit/build/moveit_core -- -j12 -l12
[9.566s] [  1%] [32mBuilding CXX object gmock/CMakeFiles/gmock_main.dir/src/gmock_main.cc.o[0m
[9.566s] [  1%] [32mBuilding CXX object gtest/CMakeFiles/gtest_main.dir/src/gtest_main.cc.o[0m
[9.566s] [  2%] [32mBuilding CXX object distance_field/CMakeFiles/moveit_distance_field.dir/src/distance_field.cpp.o[0m
[9.566s] [  3%] [32mBuilding CXX object transforms/CMakeFiles/moveit_transforms.dir/src/transforms.cpp.o[0m
[9.569s] [  3%] [32mBuilding CXX object gtest/CMakeFiles/gtest.dir/src/gtest-all.cc.o[0m
[9.570s] [  5%] [32mBuilding CXX object kinematics_base/CMakeFiles/moveit_kinematics_base.dir/src/kinematics_base.cpp.o[0m
[9.570s] [  5%] [32mBuilding CXX object exceptions/CMakeFiles/moveit_exceptions.dir/src/exceptions.cpp.o[0m
[9.571s] [  5%] [32mBuilding CXX object gmock/CMakeFiles/gmock.dir/opt/ros/humble/src/gtest_vendor/src/gtest-all.cc.o[0m
[9.573s] [  6%] [32mBuilding CXX object utils/CMakeFiles/moveit_utils.dir/src/lexical_casts.cpp.o[0m
[9.576s] [  7%] [32mBuilding CXX object online_signal_smoothing/CMakeFiles/moveit_smoothing_base.dir/src/smoothing_base_class.cpp.o[0m
[9.577s] [  8%] [34m[1mRunning `/opt/ros/humble/bin/generate_parameter_library_cpp /home/zine/ws_moveit/build/moveit_core/online_signal_smoothing/include/moveit_core/moveit_butterworth_parameters.hpp /home/zine/ws_moveit/src/moveit2/moveit_core/online_signal_smoothing/src/butterworth_parameters.yaml `[0m
[9.581s] [  8%] [32mBuilding CXX object version/CMakeFiles/moveit_version.dir/version.cpp.o[0m
[9.666s] [  9%] [32m[1mLinking CXX executable moveit_version[0m
[9.692s] [  9%] [32m[1mLinking CXX static library libgtest_main.a[0m
[9.714s] [  9%] [32m[1mLinking CXX shared library libmoveit_smoothing_base.so[0m
[9.733s] [  9%] Built target gtest_main
[9.743s] [ 10%] [32mBuilding CXX object gmock/CMakeFiles/gmock.dir/src/gmock-all.cc.o[0m
[9.744s] [ 10%] [32mBuilding CXX object utils/CMakeFiles/moveit_utils.dir/src/message_checks.cpp.o[0m
[9.820s] [ 10%] Built target moveit_version
[9.824s] [ 10%] Built target moveit_smoothing_base
[9.829s] [ 11%] [32mBuilding CXX object distance_field/CMakeFiles/moveit_distance_field.dir/src/find_internal_points.cpp.o[0m
[9.833s] [ 11%] [32mBuilding CXX object distance_field/CMakeFiles/moveit_distance_field.dir/src/propagation_distance_field.cpp.o[0m
[10.025s] [ 11%] [32m[1mLinking CXX shared library libmoveit_exceptions.so[0m
[10.025s] [ 12%] [32mBuilding CXX object utils/CMakeFiles/moveit_utils.dir/src/rclcpp_utils.cpp.o[0m
[10.170s] [ 12%] Built target moveit_exceptions
[10.330s] [ 12%] [32m[1mLinking CXX shared library libmoveit_transforms.so[0m
[10.848s] [ 13%] [32m[1mLinking CXX static library libgtest.a[0m
[10.852s] [ 13%] Built target moveit_transforms
[10.886s] [ 13%] Built target gtest
[10.909s] [ 13%] [32mBuilding CXX object transforms/CMakeFiles/test_transforms.dir/test/test_transforms.cpp.o[0m
[11.135s] [ 15%] [32m[1mLinking CXX static library libgmock_main.a[0m
[11.135s] [ 15%] [32m[1mLinking CXX static library libgmock.a[0m
[11.159s] [ 16%] [32m[1mLinking CXX executable test_transforms[0m
[11.179s] [ 16%] Built target gmock_main
[11.192s] [ 16%] Built target gmock
[11.282s] [ 16%] Built target test_transforms
[11.390s] [ 17%] [34m[1mCreating deprecated header file /home/zine/ws_moveit/build/moveit_core/online_signal_smoothing/include/moveit_butterworth_parameters.hpp[0m
[11.408s] [ 17%] Built target moveit_butterworth_parameters
[12.013s] [ 17%] [32m[1mLinking CXX shared library libmoveit_kinematics_base.so[0m
[12.132s] [ 18%] [32m[1mLinking CXX shared library libmoveit_distance_field.so[0m
[12.136s] [ 18%] Built target moveit_kinematics_base
[12.164s] [ 18%] [32mBuilding CXX object robot_model/CMakeFiles/moveit_robot_model.dir/src/aabb.cpp.o[0m
[12.164s] [ 18%] [32mBuilding CXX object robot_model/CMakeFiles/moveit_robot_model.dir/src/floating_joint_model.cpp.o[0m
[12.164s] [ 20%] [32mBuilding CXX object robot_model/CMakeFiles/moveit_robot_model.dir/src/joint_model.cpp.o[0m
[12.164s] [ 20%] [32mBuilding CXX object robot_model/CMakeFiles/moveit_robot_model.dir/src/fixed_joint_model.cpp.o[0m
[12.165s] [ 20%] [32mBuilding CXX object robot_model/CMakeFiles/moveit_robot_model.dir/src/joint_model_group.cpp.o[0m
[12.165s] [ 21%] [32mBuilding CXX object robot_model/CMakeFiles/moveit_robot_model.dir/src/link_model.cpp.o[0m
[12.165s] [ 22%] [32mBuilding CXX object robot_model/CMakeFiles/moveit_robot_model.dir/src/planar_joint_model.cpp.o[0m
[12.165s] [ 22%] [32mBuilding CXX object robot_model/CMakeFiles/moveit_robot_model.dir/src/prismatic_joint_model.cpp.o[0m
[12.165s] [ 23%] [32mBuilding CXX object robot_model/CMakeFiles/moveit_robot_model.dir/src/revolute_joint_model.cpp.o[0m
[12.166s] [ 23%] [32mBuilding CXX object robot_model/CMakeFiles/moveit_robot_model.dir/src/robot_model.cpp.o[0m
[12.301s] [ 23%] Built target moveit_distance_field
[12.324s] [ 25%] [32mBuilding CXX object distance_field/CMakeFiles/test_voxel_grid.dir/test/test_voxel_grid.cpp.o[0m
[12.325s] [ 25%] [32mBuilding CXX object distance_field/CMakeFiles/test_distance_field.dir/test/test_distance_field.cpp.o[0m
[12.422s] [ 26%] [32m[1mLinking CXX shared library libmoveit_utils.so[0m
[12.490s] [ 26%] [32m[1mLinking CXX executable test_voxel_grid[0m
[12.647s] [ 26%] Built target test_voxel_grid
[12.744s] [ 27%] [32m[1mLinking CXX shared library libmoveit_robot_model.so[0m
[12.906s] [ 27%] Built target moveit_robot_model
[12.930s] [ 29%] [32mBuilding CXX object robot_state/CMakeFiles/moveit_robot_state.dir/src/attached_body.cpp.o[0m
[12.930s] [ 29%] [32mBuilding CXX object utils/CMakeFiles/moveit_test_utils.dir/src/robot_model_test_utils.cpp.o[0m
[12.930s] [ 29%] [32mBuilding CXX object robot_state/CMakeFiles/moveit_robot_state.dir/src/conversions.cpp.o[0m
[12.933s] [ 30%] [32mBuilding CXX object online_signal_smoothing/CMakeFiles/moveit_butterworth_filter.dir/src/butterworth_filter.cpp.o[0m
[12.933s] [ 31%] [32mBuilding CXX object robot_state/CMakeFiles/moveit_robot_state.dir/src/robot_state.cpp.o[0m
[12.934s] [ 31%] [32mBuilding CXX object robot_state/CMakeFiles/moveit_robot_state.dir/src/cartesian_interpolator.cpp.o[0m
[13.062s] [ 31%] Built target moveit_utils
[13.243s] [ 32%] [32m[1mLinking CXX shared library libmoveit_robot_state.so[0m
[13.255s] [ 32%] [32m[1mLinking CXX executable test_distance_field[0m
[13.410s] [ 32%] Built target moveit_robot_state
[13.436s] [ 32%] [32mBuilding CXX object collision_detection/CMakeFiles/moveit_collision_detection.dir/src/world.cpp.o[0m
[13.436s] [ 33%] [32mBuilding CXX object collision_detection/CMakeFiles/moveit_collision_detection.dir/src/collision_tools.cpp.o[0m
[13.437s] [ 34%] [32mBuilding CXX object kinematics_metrics/CMakeFiles/moveit_kinematics_metrics.dir/src/kinematics_metrics.cpp.o[0m
[13.437s] [ 35%] [32mBuilding CXX object robot_trajectory/CMakeFiles/moveit_robot_trajectory.dir/src/robot_trajectory.cpp.o[0m
[13.437s] [ 35%] [32mBuilding CXX object collision_detection/CMakeFiles/moveit_collision_detection.dir/src/allvalid/collision_env_allvalid.cpp.o[0m
[13.437s] [ 36%] [32mBuilding CXX object collision_detection/CMakeFiles/moveit_collision_detection.dir/src/collision_common.cpp.o[0m
[13.437s] [ 36%] [32mBuilding CXX object dynamics_solver/CMakeFiles/moveit_dynamics_solver.dir/src/dynamics_solver.cpp.o[0m
[13.438s] [ 36%] [32mBuilding CXX object collision_detection/CMakeFiles/moveit_collision_detection.dir/src/collision_matrix.cpp.o[0m
[13.438s] [ 37%] [32mBuilding CXX object collision_detection/CMakeFiles/moveit_collision_detection.dir/src/collision_octomap_filter.cpp.o[0m
[13.797s] [ 37%] [32m[1mLinking CXX shared library libmoveit_kinematics_metrics.so[0m
[13.886s] [ 38%] [32mBuilding CXX object collision_detection/CMakeFiles/moveit_collision_detection.dir/src/world_diff.cpp.o[0m
[13.928s] [ 38%] [32mBuilding CXX object collision_detection/CMakeFiles/moveit_collision_detection.dir/src/collision_env.cpp.o[0m
[13.964s] [ 38%] Built target moveit_kinematics_metrics
[13.973s] [ 39%] [32mBuilding CXX object collision_detection/CMakeFiles/moveit_collision_detection.dir/src/collision_plugin_cache.cpp.o[0m
[14.141s] [ 39%] [32m[1mLinking CXX shared library libmoveit_robot_trajectory.so[0m
[14.300s] [ 39%] Built target moveit_robot_trajectory
[14.324s] [ 40%] [32mBuilding CXX object trajectory_processing/CMakeFiles/moveit_trajectory_processing.dir/src/ruckig_traj_smoothing.cpp.o[0m
[14.324s] [ 40%] [32mBuilding CXX object trajectory_processing/CMakeFiles/moveit_trajectory_processing.dir/src/iterative_spline_parameterization.cpp.o[0m
[14.324s] [ 41%] [32mBuilding CXX object planning_interface/CMakeFiles/moveit_planning_interface.dir/src/planning_response.cpp.o[0m
[14.325s] [ 42%] [32mBuilding CXX object trajectory_processing/CMakeFiles/moveit_trajectory_processing.dir/src/trajectory_tools.cpp.o[0m
[14.326s] [ 42%] [32mBuilding CXX object trajectory_processing/CMakeFiles/moveit_trajectory_processing.dir/src/iterative_time_parameterization.cpp.o[0m
[14.326s] [ 43%] [32mBuilding CXX object planning_interface/CMakeFiles/moveit_planning_interface.dir/src/planning_interface.cpp.o[0m
[14.328s] [ 43%] [32mBuilding CXX object trajectory_processing/CMakeFiles/moveit_trajectory_processing.dir/src/time_optimal_trajectory_generation.cpp.o[0m
[14.334s] [ 43%] [32m[1mLinking CXX shared library libmoveit_butterworth_filter.so[0m
[14.483s] [ 43%] Built target moveit_butterworth_filter
[14.507s] [ 43%] [32mBuilding CXX object online_signal_smoothing/CMakeFiles/test_butterworth_filter.dir/test/test_butterworth_filter.cpp.o[0m
[14.672s] [ 44%] [32m[1mLinking CXX executable test_butterworth_filter[0m
[14.695s] [ 44%] Built target test_distance_field
[14.807s] [ 44%] Built target test_butterworth_filter
[14.906s] [ 44%] [32m[1mLinking CXX shared library libmoveit_collision_detection.so[0m
[15.017s] [ 45%] [32m[1mLinking CXX shared library libmoveit_trajectory_processing.so[0m
[15.174s] [ 45%] Built target moveit_collision_detection
[15.183s] [ 45%] Built target moveit_trajectory_processing
[15.200s] [ 45%] [32mBuilding CXX object collision_detection_bullet/CMakeFiles/moveit_collision_detection_bullet.dir/src/bullet_integration/bullet_cast_bvh_manager.cpp.o[0m
[15.201s] [ 49%] [32mBuilding CXX object collision_detection/CMakeFiles/test_all_valid.dir/test/test_all_valid.cpp.o[0m
[15.201s] [ 49%] [32mBuilding CXX object collision_detection/CMakeFiles/test_world_diff.dir/test/test_world_diff.cpp.o[0m
[15.201s] [ 49%] [32mBuilding CXX object collision_detection/CMakeFiles/test_world.dir/test/test_world.cpp.o[0m
[15.201s] [ 49%] [32mBuilding CXX object collision_detection_fcl/CMakeFiles/moveit_collision_detection_fcl.dir/src/collision_common.cpp.o[0m
[15.201s] [ 49%] [32mBuilding CXX object collision_detection_fcl/CMakeFiles/moveit_collision_detection_fcl.dir/src/collision_env_fcl.cpp.o[0m
[15.202s] [ 50%] [32mBuilding CXX object collision_detection_bullet/CMakeFiles/moveit_collision_detection_bullet.dir/src/bullet_integration/bullet_utils.cpp.o[0m
[15.203s] [ 51%] [32mBuilding CXX object collision_detection_bullet/CMakeFiles/moveit_collision_detection_bullet.dir/src/bullet_integration/bullet_discrete_bvh_manager.cpp.o[0m
[15.203s] [ 52%] [32mBuilding CXX object collision_detection_bullet/CMakeFiles/moveit_collision_detection_bullet.dir/src/collision_env_bullet.cpp.o[0m
[15.369s] [ 52%] [32m[1mLinking CXX executable test_all_valid[0m
[15.384s] [ 53%] [32m[1mLinking CXX executable test_world_diff[0m
[15.605s] [ 53%] Built target test_all_valid
[15.614s] [ 53%] Built target test_world_diff
[15.614s] [ 53%] [32mBuilding CXX object collision_detection_bullet/CMakeFiles/moveit_collision_detection_bullet.dir/src/bullet_integration/bullet_bvh_manager.cpp.o[0m
[15.623s] [ 54%] [32mBuilding CXX object collision_detection_bullet/CMakeFiles/moveit_collision_detection_bullet.dir/src/bullet_integration/contact_checker_common.cpp.o[0m
[15.634s] [ 54%] [32m[1mLinking CXX executable test_world[0m
[15.748s] [ 55%] [32m[1mLinking CXX shared library libmoveit_test_utils.so[0m
[15.846s] [ 56%] [32m[1mLinking CXX shared library libmoveit_dynamics_solver.so[0m
[15.859s] [ 57%] [32mBuilding CXX object collision_detection_bullet/CMakeFiles/moveit_collision_detection_bullet.dir/src/bullet_integration/ros_bullet_utils.cpp.o[0m
[15.932s] [ 57%] Built target moveit_test_utils
[15.958s] [ 58%] [32mBuilding CXX object robot_model/CMakeFiles/test_robot_model.dir/test/test.cpp.o[0m
[15.963s] [ 58%] Built target test_world
[15.988s] [ 59%] [32mBuilding CXX object robot_state/CMakeFiles/test_robot_state.dir/test/robot_state_test.cpp.o[0m
[16.024s] [ 59%] Built target moveit_dynamics_solver
[16.049s] [ 59%] [32mBuilding CXX object robot_state/CMakeFiles/test_robot_state_benchmark.dir/test/robot_state_benchmark.cpp.o[0m
[16.116s] [ 59%] [32mBuilding CXX object robot_state/CMakeFiles/test_robot_state_complex.dir/test/test_kinematic_complex.cpp.o[0m
[16.117s] [ 59%] [32m[1mLinking CXX executable test_robot_model[0m
[16.118s] [ 60%] [32mBuilding CXX object robot_state/CMakeFiles/test_cartesian_interpolator.dir/test/test_cartesian_interpolator.cpp.o[0m
[16.118s] [ 60%] [32mBuilding CXX object robot_state/CMakeFiles/test_aabb.dir/test/test_aabb.cpp.o[0m
[16.182s] [ 61%] [32m[1mLinking CXX executable test_robot_state_benchmark[0m
[16.182s] [ 61%] [32m[1mLinking CXX executable test_cartesian_interpolator[0m
[16.216s] [ 62%] [32m[1mLinking CXX executable test_robot_state_complex[0m
[16.285s] [ 63%] [32m[1mLinking CXX executable test_aabb[0m
[16.297s] [ 64%] [32mBuilding CXX object robot_trajectory/CMakeFiles/test_robot_trajectory.dir/test/test_robot_trajectory.cpp.o[0m
[16.335s] [ 64%] [32m[1mLinking CXX shared library libmoveit_planning_interface.so[0m
[16.344s] [ 64%] [32mBuilding CXX object trajectory_processing/CMakeFiles/test_time_parameterization.dir/test/test_time_parameterization.cpp.o[0m
[16.393s] [ 64%] [32m[1mLinking CXX shared library libmoveit_collision_detection_bullet.so[0m
[16.407s] [ 65%] [32m[1mLinking CXX executable test_robot_state[0m
[16.429s] [ 65%] Built target test_cartesian_interpolator
[16.453s] [ 66%] [32mBuilding CXX object trajectory_processing/CMakeFiles/test_time_optimal_trajectory_generation.dir/test/test_time_optimal_trajectory_generation.cpp.o[0m
[16.462s] [ 67%] [32m[1mLinking CXX executable test_time_parameterization[0m
[16.533s] [ 68%] [32m[1mLinking CXX executable test_time_optimal_trajectory_generation[0m
[16.649s] [ 68%] Built target moveit_collision_detection_bullet
[16.679s] [ 69%] [32mBuilding CXX object trajectory_processing/CMakeFiles/test_ruckig_traj_smoothing.dir/test/test_ruckig_traj_smoothing.cpp.o[0m
[16.781s] [ 69%] Built target moveit_planning_interface
[16.804s] [ 70%] [32mBuilding CXX object collision_detection_bullet/CMakeFiles/test_bullet_collision_detection.dir/test/test_bullet_collision_detection_pr2.cpp.o[0m
[16.807s] [ 70%] [32m[1mLinking CXX executable test_ruckig_traj_smoothing[0m
[16.823s] [ 70%] [32m[1mLinking CXX executable test_robot_trajectory[0m
[17.037s] [ 70%] Built target test_robot_state_complex
[17.049s] [ 70%] Built target test_robot_model
[17.067s] [ 71%] [32mBuilding CXX object collision_detection_bullet/CMakeFiles/test_bullet_collision_detection_panda.dir/test/test_bullet_collision_detection_panda.cpp.o[0m
[17.079s] [ 71%] [32mBuilding CXX object collision_detection_bullet/CMakeFiles/test_bullet_continuous_collision_checking.dir/test/test_bullet_continuous_collision_checking.cpp.o[0m
[17.110s] [ 71%] Built target test_aabb
[17.112s] [ 71%] Built target test_robot_state_benchmark
[17.112s] [ 71%] Built target test_time_optimal_trajectory_generation
[17.112s] [ 71%] Built target test_time_parameterization
[17.118s] [ 71%] Built target test_robot_state
[17.143s] [ 71%] Built target test_ruckig_traj_smoothing
[17.184s] [ 71%] Built target test_robot_trajectory
[17.397s] [ 71%] [32m[1mLinking CXX executable test_bullet_collision_detection[0m
[17.472s] [ 72%] [32m[1mLinking CXX shared library libmoveit_collision_detection_fcl.so[0m
[17.671s] [ 72%] Built target moveit_collision_detection_fcl
[17.696s] [ 73%] [32mBuilding CXX object kinematic_constraints/CMakeFiles/moveit_kinematic_constraints.dir/src/kinematic_constraint.cpp.o[0m
[17.697s] [ 74%] [32mBuilding CXX object collision_detection_fcl/CMakeFiles/test_fcl_collision_detection_panda.dir/test/test_fcl_collision_detection_panda.cpp.o[0m
[17.697s] [ 74%] [32mBuilding CXX object kinematic_constraints/CMakeFiles/moveit_kinematic_constraints.dir/src/utils.cpp.o[0m
[17.697s] [ 75%] [32m[1mLinking CXX executable test_bullet_continuous_collision_checking[0m
[17.699s] [ 76%] [32mBuilding CXX object collision_detection_fcl/CMakeFiles/test_fcl_collision_detection.dir/test/test_fcl_collision_detection_pr2.cpp.o[0m
[17.699s] [ 76%] [32mBuilding CXX object collision_detection_fcl/CMakeFiles/test_fcl_collision_env.dir/test/test_fcl_env.cpp.o[0m
[17.711s] [ 77%] [32m[1mLinking CXX executable test_bullet_collision_detection_panda[0m
[17.757s] [ 77%] Built target test_bullet_collision_detection
[17.807s] [ 77%] [32m[1mLinking CXX executable test_fcl_collision_detection[0m
[17.891s] [ 78%] [32m[1mLinking CXX executable test_fcl_collision_detection_panda[0m
[17.956s] [ 79%] [32m[1mLinking CXX executable test_fcl_collision_env[0m
[17.994s] [ 79%] Built target test_bullet_collision_detection_panda
[18.006s] [ 80%] [32m[1mLinking CXX shared library libmoveit_kinematic_constraints.so[0m
[18.013s] [ 80%] Built target test_bullet_continuous_collision_checking
[18.115s] [ 80%] Built target test_fcl_collision_detection
[18.202s] [ 80%] Built target moveit_kinematic_constraints
[18.218s] [ 80%] Built target test_fcl_collision_detection_panda
[18.227s] [ 80%] [32mBuilding CXX object kinematic_constraints/CMakeFiles/test_constraints.dir/test/test_constraints.cpp.o[0m
[18.228s] [ 81%] [32mBuilding CXX object planning_scene/CMakeFiles/moveit_planning_scene.dir/src/planning_scene.cpp.o[0m
[18.228s] [ 82%] [32mBuilding CXX object kinematic_constraints/CMakeFiles/test_orientation_constraints.dir/test/test_orientation_constraints.cpp.o[0m
[18.247s] [ 82%] Built target test_fcl_collision_env
[18.341s] [ 83%] [32m[1mLinking CXX executable test_constraints[0m
[18.365s] [ 83%] [32m[1mLinking CXX executable test_orientation_constraints[0m
[18.498s] [ 84%] [32m[1mLinking CXX shared library libmoveit_planning_scene.so[0m
[18.633s] [ 84%] Built target test_constraints
[18.651s] [ 84%] Built target test_orientation_constraints
[18.711s] [ 84%] Built target moveit_planning_scene
[18.741s] [ 85%] [32mBuilding CXX object planning_scene/CMakeFiles/test_collision_objects.dir/test/test_collision_objects.cpp.o[0m
[18.741s] [ 85%] [32mBuilding CXX object constraint_samplers/CMakeFiles/moveit_constraint_samplers.dir/src/constraint_sampler_manager.cpp.o[0m
[18.741s] [ 86%] [32mBuilding CXX object constraint_samplers/CMakeFiles/moveit_constraint_samplers.dir/src/constraint_sampler.cpp.o[0m
[18.741s] [ 87%] [32mBuilding CXX object constraint_samplers/CMakeFiles/moveit_constraint_samplers.dir/src/constraint_sampler_tools.cpp.o[0m
[18.742s] [ 87%] [32mBuilding CXX object constraint_samplers/CMakeFiles/moveit_constraint_samplers.dir/src/default_constraint_samplers.cpp.o[0m
[18.742s] [ 88%] [32mBuilding CXX object constraint_samplers/CMakeFiles/moveit_constraint_samplers.dir/src/union_constraint_sampler.cpp.o[0m
[18.742s] [ 89%] [32mBuilding CXX object planning_scene/CMakeFiles/test_planning_scene.dir/test/test_planning_scene.cpp.o[0m
[18.743s] [ 89%] [32mBuilding CXX object collision_detection_fcl/CMakeFiles/collision_detector_fcl_plugin.dir/src/collision_detector_fcl_plugin_loader.cpp.o[0m
[18.744s] [ 89%] [32mBuilding CXX object planning_scene/CMakeFiles/test_multi_threaded.dir/test/test_multi_threaded.cpp.o[0m
[18.744s] [ 90%] [32mBuilding CXX object planning_request_adapter/CMakeFiles/moveit_planning_request_adapter.dir/src/planning_request_adapter.cpp.o[0m
[18.745s] [ 91%] [32mBuilding CXX object collision_distance_field/CMakeFiles/moveit_collision_distance_field.dir/src/collision_distance_field_types.cpp.o[0m
[18.751s] [ 91%] [32mBuilding CXX object collision_detection_bullet/CMakeFiles/collision_detector_bullet_plugin.dir/src/collision_detector_bullet_plugin_loader.cpp.o[0m
[18.877s] [ 91%] [32mBuilding CXX object collision_distance_field/CMakeFiles/moveit_collision_distance_field.dir/src/collision_common_distance_field.cpp.o[0m
[18.878s] [ 91%] [32m[1mLinking CXX executable test_collision_objects[0m
[18.886s] [ 91%] [32m[1mLinking CXX shared library libmoveit_planning_request_adapter.so[0m
[18.887s] [ 92%] [32m[1mLinking CXX shared library libcollision_detector_fcl_plugin.so[0m
[18.889s] [ 93%] [32mBuilding CXX object collision_distance_field/CMakeFiles/moveit_collision_distance_field.dir/src/collision_env_distance_field.cpp.o[0m
[18.898s] [ 93%] [32m[1mLinking CXX executable test_planning_scene[0m
[18.903s] [ 93%] [32mBuilding CXX object collision_distance_field/CMakeFiles/moveit_collision_distance_field.dir/src/collision_env_hybrid.cpp.o[0m
[18.949s] [ 93%] [32m[1mLinking CXX shared library libmoveit_constraint_samplers.so[0m
[18.969s] [ 94%] [32m[1mLinking CXX executable test_multi_threaded[0m
[18.971s] [ 95%] [32m[1mLinking CXX shared library libcollision_detector_bullet_plugin.so[0m
[19.034s] [ 96%] [32m[1mLinking CXX shared library libmoveit_collision_distance_field.so[0m
[19.066s] [ 96%] Built target collision_detector_fcl_plugin
[19.103s] [ 96%] Built target moveit_planning_request_adapter
[19.199s] [ 96%] Built target test_collision_objects
[19.208s] [ 96%] Built target collision_detector_bullet_plugin
[19.208s] [ 96%] Built target moveit_constraint_samplers
[19.230s] [ 96%] Built target test_planning_scene
[19.234s] [ 97%] [32mBuilding CXX object constraint_samplers/CMakeFiles/test_constraint_samplers.dir/test/pr2_arm_kinematics_plugin.cpp.o[0m
[19.235s] [ 98%] [32mBuilding CXX object constraint_samplers/CMakeFiles/test_constraint_samplers.dir/test/test_constraint_samplers.cpp.o[0m
[19.235s] [ 98%] [32mBuilding CXX object constraint_samplers/CMakeFiles/test_constraint_samplers.dir/test/pr2_arm_ik.cpp.o[0m
[19.283s] [ 98%] Built target moveit_collision_distance_field
[19.299s] [ 98%] Built target test_multi_threaded
[19.307s] [ 99%] [32mBuilding CXX object collision_distance_field/CMakeFiles/test_collision_distance_field.dir/test/test_collision_distance_field.cpp.o[0m
[19.597s] [ 99%] [32m[1mLinking CXX executable test_collision_distance_field[0m
[19.928s] [100%] [32m[1mLinking CXX executable test_constraint_samplers[0m
[19.973s] [100%] Built target test_collision_distance_field
[20.217s] [100%] Built target test_constraint_samplers
[20.229s] Invoked command in '/home/zine/ws_moveit/build/moveit_core' returned '0': CMAKE_PREFIX_PATH=/home/zine/ws_moveit/install/moveit_resources_panda_moveit_config:/home/zine/ws_moveit/install/srdfdom:/home/zine/ws_moveit/install/moveit_resources_pr2_description:/home/zine/ws_moveit/install/moveit_resources_panda_description:/home/zine/ws_moveit/install/moveit_common:/home/zine/ws_moveit/install/pilz_industrial_motion_planner_testutils:/home/zine/ws_moveit/install/moveit_runtime:/home/zine/ws_moveit/install/moveit2_tutorials:/home/zine/ws_moveit/install/moveit:/home/zine/ws_moveit/install/lab_arm_config:/home/zine/ws_moveit/install/fixy_config:/home/zine/ws_moveit/install/moveit_planners:/home/zine/ws_moveit/install/pilz_industrial_motion_planner:/home/zine/ws_moveit/install/moveit_visual_tools:/home/zine/ws_moveit/install/moveit_task_constructor_visualization:/home/zine/ws_moveit/install/moveit_task_constructor_demo:/home/zine/ws_moveit/install/moveit_task_constructor_capabilities:/home/zine/ws_moveit/install/moveit_task_constructor_core:/home/zine/ws_moveit/install/moveit_ros_control_interface:/home/zine/ws_moveit/install/moveit_plugins:/home/zine/ws_moveit/install/moveit_simple_controller_manager:/home/zine/ws_moveit/install/moveit_setup_assistant:/home/zine/ws_moveit/install/moveit_setup_srdf_plugins:/home/zine/ws_moveit/install/moveit_setup_core_plugins:/home/zine/ws_moveit/install/moveit_setup_controllers:/home/zine/ws_moveit/install/moveit_setup_app_plugins:/home/zine/ws_moveit/install/moveit_setup_framework:/home/zine/ws_moveit/install/moveit_servo:/home/zine/ws_moveit/install/moveit_ros:/home/zine/ws_moveit/install/moveit_ros_visualization:/home/zine/ws_moveit/install/moveit_hybrid_planning:/home/zine/ws_moveit/install/moveit_ros_planning_interface:/home/zine/ws_moveit/install/moveit_ros_benchmarks:/home/zine/ws_moveit/install/moveit_ros_warehouse:/home/zine/ws_moveit/install/moveit_ros_robot_interaction:/home/zine/ws_moveit/install/moveit_ros_perception:/home/zine/ws_moveit/install/moveit_resources_prbt_pg70_support:/home/zine/ws_moveit/install/moveit_resources_prbt_moveit_config:/home/zine/ws_moveit/install/moveit_ros_move_group:/home/zine/ws_moveit/install/moveit_planners_ompl:/home/zine/ws_moveit/install/moveit_ros_planning:/home/zine/ws_moveit/install/moveit_ros_occupancy_map_monitor:/home/zine/ws_moveit/install/moveit_resources_prbt_ikfast_manipulator_plugin:/home/zine/ws_moveit/install/moveit_planners_chomp:/home/zine/ws_moveit/install/moveit_kinematics:/home/zine/ws_moveit/install/moveit_chomp_optimizer_adapter:/home/zine/ws_moveit/install/chomp_motion_planner:/home/zine/ws_moveit/install/moveit_core:/home/zine/ws_moveit/install/moveit_configs_utils:/home/zine/ws_moveit/install/launch_param_builder:/home/zine/ws_moveit/install/fixy_description:/opt/ros/humble:/home/zine/ws_moveit/install/serial:/home/zine/ws_moveit/install/rviz_marker_tools:/home/zine/ws_moveit/install/rosparam_shortcuts:/home/zine/ws_moveit/install/moveit_task_constructor_msgs:/home/zine/ws_moveit/install/moveit_resources_prbt_support:/home/zine/ws_moveit/install/moveit_resources:/home/zine/ws_moveit/install/moveit_resources_fanuc_moveit_config:/home/zine/ws_moveit/install/moveit_resources_fanuc_description:/home/zine/ws_moveit/install/hardware_controller LD_LIBRARY_PATH=/home/zine/ws_moveit/install/srdfdom/lib:/opt/ros/humble/lib:/opt/ros/humble/lib:/home/zine/ws_moveit/install/pilz_industrial_motion_planner_testutils/lib:/home/zine/ws_moveit/install/pilz_industrial_motion_planner/lib:/home/zine/ws_moveit/install/moveit_visual_tools/lib:/home/zine/ws_moveit/install/moveit_task_constructor_visualization/lib:/home/zine/ws_moveit/install/moveit_task_constructor_demo/lib:/home/zine/ws_moveit/install/moveit_task_constructor_capabilities/lib:/home/zine/ws_moveit/install/moveit_task_constructor_core/lib:/home/zine/ws_moveit/install/moveit_ros_control_interface/lib:/home/zine/ws_moveit/install/moveit_simple_controller_manager/lib:/home/zine/ws_moveit/install/moveit_setup_assistant/lib:/home/zine/ws_moveit/install/moveit_setup_srdf_plugins/lib:/home/zine/ws_moveit/install/moveit_setup_core_plugins/lib:/home/zine/ws_moveit/install/moveit_setup_controllers/lib:/home/zine/ws_moveit/install/moveit_setup_app_plugins/lib:/home/zine/ws_moveit/install/moveit_setup_framework/lib:/home/zine/ws_moveit/install/moveit_servo/lib:/home/zine/ws_moveit/install/moveit_ros_visualization/lib:/home/zine/ws_moveit/install/moveit_hybrid_planning/lib:/home/zine/ws_moveit/install/moveit_ros_planning_interface/lib:/home/zine/ws_moveit/install/moveit_ros_benchmarks/lib:/home/zine/ws_moveit/install/moveit_ros_warehouse/lib:/home/zine/ws_moveit/install/moveit_ros_robot_interaction/lib:/home/zine/ws_moveit/install/moveit_ros_perception/lib:/home/zine/ws_moveit/install/moveit_ros_move_group/lib:/home/zine/ws_moveit/install/moveit_planners_ompl/lib:/home/zine/ws_moveit/install/moveit_ros_planning/lib:/home/zine/ws_moveit/install/moveit_ros_occupancy_map_monitor/lib:/home/zine/ws_moveit/install/moveit_resources_prbt_ikfast_manipulator_plugin/lib:/home/zine/ws_moveit/install/moveit_planners_chomp/lib:/home/zine/ws_moveit/install/moveit_kinematics/lib:/home/zine/ws_moveit/install/moveit_chomp_optimizer_adapter/lib:/home/zine/ws_moveit/install/chomp_motion_planner/lib:/home/zine/ws_moveit/install/moveit_core/lib:/home/zine/ws_moveit/install/serial/lib:/home/zine/ws_moveit/install/rviz_marker_tools/lib:/home/zine/ws_moveit/install/rosparam_shortcuts/lib:/home/zine/ws_moveit/install/moveit_task_constructor_msgs/lib:/home/zine/ws_moveit/install/hardware_controller/lib:/usr/lib/x86_64-linux-gnu/gazebo-11/plugins:/opt/ros/humble/opt/rviz_ogre_vendor/lib:/opt/ros/humble/lib/x86_64-linux-gnu:/opt/ros/humble/lib:/usr/share/gazebo/../../lib/x86_64-linux-gnu/gazebo-11/plugins /usr/bin/cmake --build /home/zine/ws_moveit/build/moveit_core -- -j12 -l12
[20.231s] Invoking command in '/home/zine/ws_moveit/build/moveit_core': CMAKE_PREFIX_PATH=/home/zine/ws_moveit/install/moveit_resources_panda_moveit_config:/home/zine/ws_moveit/install/srdfdom:/home/zine/ws_moveit/install/moveit_resources_pr2_description:/home/zine/ws_moveit/install/moveit_resources_panda_description:/home/zine/ws_moveit/install/moveit_common:/home/zine/ws_moveit/install/pilz_industrial_motion_planner_testutils:/home/zine/ws_moveit/install/moveit_runtime:/home/zine/ws_moveit/install/moveit2_tutorials:/home/zine/ws_moveit/install/moveit:/home/zine/ws_moveit/install/lab_arm_config:/home/zine/ws_moveit/install/fixy_config:/home/zine/ws_moveit/install/moveit_planners:/home/zine/ws_moveit/install/pilz_industrial_motion_planner:/home/zine/ws_moveit/install/moveit_visual_tools:/home/zine/ws_moveit/install/moveit_task_constructor_visualization:/home/zine/ws_moveit/install/moveit_task_constructor_demo:/home/zine/ws_moveit/install/moveit_task_constructor_capabilities:/home/zine/ws_moveit/install/moveit_task_constructor_core:/home/zine/ws_moveit/install/moveit_ros_control_interface:/home/zine/ws_moveit/install/moveit_plugins:/home/zine/ws_moveit/install/moveit_simple_controller_manager:/home/zine/ws_moveit/install/moveit_setup_assistant:/home/zine/ws_moveit/install/moveit_setup_srdf_plugins:/home/zine/ws_moveit/install/moveit_setup_core_plugins:/home/zine/ws_moveit/install/moveit_setup_controllers:/home/zine/ws_moveit/install/moveit_setup_app_plugins:/home/zine/ws_moveit/install/moveit_setup_framework:/home/zine/ws_moveit/install/moveit_servo:/home/zine/ws_moveit/install/moveit_ros:/home/zine/ws_moveit/install/moveit_ros_visualization:/home/zine/ws_moveit/install/moveit_hybrid_planning:/home/zine/ws_moveit/install/moveit_ros_planning_interface:/home/zine/ws_moveit/install/moveit_ros_benchmarks:/home/zine/ws_moveit/install/moveit_ros_warehouse:/home/zine/ws_moveit/install/moveit_ros_robot_interaction:/home/zine/ws_moveit/install/moveit_ros_perception:/home/zine/ws_moveit/install/moveit_resources_prbt_pg70_support:/home/zine/ws_moveit/install/moveit_resources_prbt_moveit_config:/home/zine/ws_moveit/install/moveit_ros_move_group:/home/zine/ws_moveit/install/moveit_planners_ompl:/home/zine/ws_moveit/install/moveit_ros_planning:/home/zine/ws_moveit/install/moveit_ros_occupancy_map_monitor:/home/zine/ws_moveit/install/moveit_resources_prbt_ikfast_manipulator_plugin:/home/zine/ws_moveit/install/moveit_planners_chomp:/home/zine/ws_moveit/install/moveit_kinematics:/home/zine/ws_moveit/install/moveit_chomp_optimizer_adapter:/home/zine/ws_moveit/install/chomp_motion_planner:/home/zine/ws_moveit/install/moveit_core:/home/zine/ws_moveit/install/moveit_configs_utils:/home/zine/ws_moveit/install/launch_param_builder:/home/zine/ws_moveit/install/fixy_description:/opt/ros/humble:/home/zine/ws_moveit/install/serial:/home/zine/ws_moveit/install/rviz_marker_tools:/home/zine/ws_moveit/install/rosparam_shortcuts:/home/zine/ws_moveit/install/moveit_task_constructor_msgs:/home/zine/ws_moveit/install/moveit_resources_prbt_support:/home/zine/ws_moveit/install/moveit_resources:/home/zine/ws_moveit/install/moveit_resources_fanuc_moveit_config:/home/zine/ws_moveit/install/moveit_resources_fanuc_description:/home/zine/ws_moveit/install/hardware_controller LD_LIBRARY_PATH=/home/zine/ws_moveit/install/srdfdom/lib:/opt/ros/humble/lib:/opt/ros/humble/lib:/home/zine/ws_moveit/install/pilz_industrial_motion_planner_testutils/lib:/home/zine/ws_moveit/install/pilz_industrial_motion_planner/lib:/home/zine/ws_moveit/install/moveit_visual_tools/lib:/home/zine/ws_moveit/install/moveit_task_constructor_visualization/lib:/home/zine/ws_moveit/install/moveit_task_constructor_demo/lib:/home/zine/ws_moveit/install/moveit_task_constructor_capabilities/lib:/home/zine/ws_moveit/install/moveit_task_constructor_core/lib:/home/zine/ws_moveit/install/moveit_ros_control_interface/lib:/home/zine/ws_moveit/install/moveit_simple_controller_manager/lib:/home/zine/ws_moveit/install/moveit_setup_assistant/lib:/home/zine/ws_moveit/install/moveit_setup_srdf_plugins/lib:/home/zine/ws_moveit/install/moveit_setup_core_plugins/lib:/home/zine/ws_moveit/install/moveit_setup_controllers/lib:/home/zine/ws_moveit/install/moveit_setup_app_plugins/lib:/home/zine/ws_moveit/install/moveit_setup_framework/lib:/home/zine/ws_moveit/install/moveit_servo/lib:/home/zine/ws_moveit/install/moveit_ros_visualization/lib:/home/zine/ws_moveit/install/moveit_hybrid_planning/lib:/home/zine/ws_moveit/install/moveit_ros_planning_interface/lib:/home/zine/ws_moveit/install/moveit_ros_benchmarks/lib:/home/zine/ws_moveit/install/moveit_ros_warehouse/lib:/home/zine/ws_moveit/install/moveit_ros_robot_interaction/lib:/home/zine/ws_moveit/install/moveit_ros_perception/lib:/home/zine/ws_moveit/install/moveit_ros_move_group/lib:/home/zine/ws_moveit/install/moveit_planners_ompl/lib:/home/zine/ws_moveit/install/moveit_ros_planning/lib:/home/zine/ws_moveit/install/moveit_ros_occupancy_map_monitor/lib:/home/zine/ws_moveit/install/moveit_resources_prbt_ikfast_manipulator_plugin/lib:/home/zine/ws_moveit/install/moveit_planners_chomp/lib:/home/zine/ws_moveit/install/moveit_kinematics/lib:/home/zine/ws_moveit/install/moveit_chomp_optimizer_adapter/lib:/home/zine/ws_moveit/install/chomp_motion_planner/lib:/home/zine/ws_moveit/install/moveit_core/lib:/home/zine/ws_moveit/install/serial/lib:/home/zine/ws_moveit/install/rviz_marker_tools/lib:/home/zine/ws_moveit/install/rosparam_shortcuts/lib:/home/zine/ws_moveit/install/moveit_task_constructor_msgs/lib:/home/zine/ws_moveit/install/hardware_controller/lib:/usr/lib/x86_64-linux-gnu/gazebo-11/plugins:/opt/ros/humble/opt/rviz_ogre_vendor/lib:/opt/ros/humble/lib/x86_64-linux-gnu:/opt/ros/humble/lib:/usr/share/gazebo/../../lib/x86_64-linux-gnu/gazebo-11/plugins /usr/bin/cmake --install /home/zine/ws_moveit/build/moveit_core
[20.239s] -- Install configuration: "Release"
[20.240s] -- Execute custom install script
[20.240s] -- Symlinking: /home/zine/ws_moveit/install/moveit_core/include/moveit/version.h
[20.249s] -- Symlinking: /home/zine/ws_moveit/install/moveit_core/include/moveit/collision_distance_field/collision_common_distance_field.h
[20.257s] -- Symlinking: /home/zine/ws_moveit/install/moveit_core/include/moveit/collision_distance_field/collision_detector_allocator_distance_field.h
[20.264s] -- Symlinking: /home/zine/ws_moveit/install/moveit_core/include/moveit/collision_distance_field/collision_detector_allocator_hybrid.h
[20.273s] -- Symlinking: /home/zine/ws_moveit/install/moveit_core/include/moveit/collision_distance_field/collision_distance_field_types.h
[20.281s] -- Symlinking: /home/zine/ws_moveit/install/moveit_core/include/moveit/collision_distance_field/collision_env_distance_field.h
[20.289s] -- Symlinking: /home/zine/ws_moveit/install/moveit_core/include/moveit/collision_distance_field/collision_env_hybrid.h
[20.297s] -- Symlinking: /home/zine/ws_moveit/install/moveit_core/include/moveit_collision_distance_field_export.h
[20.305s] -- Symlinking: /home/zine/ws_moveit/install/moveit_core/include/moveit/constraint_samplers/constraint_sampler.h
[20.313s] -- Symlinking: /home/zine/ws_moveit/install/moveit_core/include/moveit/constraint_samplers/constraint_sampler_allocator.h
[20.321s] -- Symlinking: /home/zine/ws_moveit/install/moveit_core/include/moveit/constraint_samplers/constraint_sampler_manager.h
[20.330s] -- Symlinking: /home/zine/ws_moveit/install/moveit_core/include/moveit/constraint_samplers/constraint_sampler_tools.h
[20.338s] -- Symlinking: /home/zine/ws_moveit/install/moveit_core/include/moveit/constraint_samplers/default_constraint_samplers.h
[20.346s] -- Symlinking: /home/zine/ws_moveit/install/moveit_core/include/moveit/constraint_samplers/union_constraint_sampler.h
[20.354s] -- Symlinking: /home/zine/ws_moveit/install/moveit_core/include/moveit/controller_manager/controller_manager.h
[20.362s] -- Symlinking: /home/zine/ws_moveit/install/moveit_core/include/moveit/distance_field/distance_field.h
[20.370s] -- Symlinking: /home/zine/ws_moveit/install/moveit_core/include/moveit/distance_field/find_internal_points.h
[20.378s] -- Symlinking: /home/zine/ws_moveit/install/moveit_core/include/moveit/distance_field/propagation_distance_field.h
[20.386s] -- Symlinking: /home/zine/ws_moveit/install/moveit_core/include/moveit/distance_field/voxel_grid.h
[20.395s] -- Symlinking: /home/zine/ws_moveit/install/moveit_core/include/moveit/dynamics_solver/dynamics_solver.h
[20.404s] -- Symlinking: /home/zine/ws_moveit/install/moveit_core/include/moveit/exceptions/exceptions.h
[20.412s] -- Symlinking: /home/zine/ws_moveit/install/moveit_core/include/moveit/kinematics_base/kinematics_base.h
[20.420s] -- Symlinking: /home/zine/ws_moveit/install/moveit_core/include/moveit_kinematics_base_export.h
[20.428s] -- Symlinking: /home/zine/ws_moveit/install/moveit_core/include/moveit/kinematic_constraints/kinematic_constraint.h
[20.436s] -- Symlinking: /home/zine/ws_moveit/install/moveit_core/include/moveit/kinematic_constraints/utils.h
[20.444s] -- Symlinking: /home/zine/ws_moveit/install/moveit_core/include/moveit/kinematics_metrics/kinematics_metrics.h
[20.453s] -- Symlinking: /home/zine/ws_moveit/install/moveit_core/include/moveit/macros/class_forward.h
[20.461s] -- Symlinking: /home/zine/ws_moveit/install/moveit_core/include/moveit/macros/console_colors.h
[20.468s] -- Symlinking: /home/zine/ws_moveit/install/moveit_core/include/moveit/macros/declare_ptr.h
[20.476s] -- Symlinking: /home/zine/ws_moveit/install/moveit_core/include/moveit/macros/deprecation.h
[20.484s] -- Symlinking: /home/zine/ws_moveit/install/moveit_core/include/moveit_core/moveit_butterworth_parameters.hpp
[20.493s] -- Symlinking: /home/zine/ws_moveit/install/moveit_core/include/moveit/online_signal_smoothing/butterworth_filter.h
[20.501s] -- Symlinking: /home/zine/ws_moveit/install/moveit_core/include/moveit/online_signal_smoothing/smoothing_base_class.h
[20.509s] -- Symlinking: /home/zine/ws_moveit/install/moveit_core/include/moveit_smoothing_base_export.h
[20.517s] -- Symlinking: /home/zine/ws_moveit/install/moveit_core/include/moveit_butterworth_filter_export.h
[20.525s] -- Symlinking: /home/zine/ws_moveit/install/moveit_core/include/moveit/planning_interface/planning_interface.h
[20.533s] -- Symlinking: /home/zine/ws_moveit/install/moveit_core/include/moveit/planning_interface/planning_request.h
[20.541s] -- Symlinking: /home/zine/ws_moveit/install/moveit_core/include/moveit/planning_interface/planning_response.h
[20.549s] -- Symlinking: /home/zine/ws_moveit/install/moveit_core/include/moveit/planning_request_adapter/planning_request_adapter.h
[20.558s] -- Symlinking: /home/zine/ws_moveit/install/moveit_core/include/moveit/planning_scene/planning_scene.h
[20.566s] -- Symlinking: /home/zine/ws_moveit/install/moveit_core/include/moveit_planning_scene_export.h
[20.574s] -- Symlinking: /home/zine/ws_moveit/install/moveit_core/include/moveit/robot_model/aabb.h
[20.582s] -- Symlinking: /home/zine/ws_moveit/install/moveit_core/include/moveit/robot_model/fixed_joint_model.h
[20.590s] -- Symlinking: /home/zine/ws_moveit/install/moveit_core/include/moveit/robot_model/floating_joint_model.h
[20.598s] -- Symlinking: /home/zine/ws_moveit/install/moveit_core/include/moveit/robot_model/joint_model.h
[20.607s] -- Symlinking: /home/zine/ws_moveit/install/moveit_core/include/moveit/robot_model/joint_model_group.h
[20.616s] -- Symlinking: /home/zine/ws_moveit/install/moveit_core/include/moveit/robot_model/link_model.h
[20.625s] -- Symlinking: /home/zine/ws_moveit/install/moveit_core/include/moveit/robot_model/planar_joint_model.h
[20.633s] -- Symlinking: /home/zine/ws_moveit/install/moveit_core/include/moveit/robot_model/prismatic_joint_model.h
[20.642s] -- Symlinking: /home/zine/ws_moveit/install/moveit_core/include/moveit/robot_model/revolute_joint_model.h
[20.650s] -- Symlinking: /home/zine/ws_moveit/install/moveit_core/include/moveit/robot_model/robot_model.h
[20.659s] -- Symlinking: /home/zine/ws_moveit/install/moveit_core/include/moveit/robot_state/attached_body.h
[20.667s] -- Symlinking: /home/zine/ws_moveit/install/moveit_core/include/moveit/robot_state/cartesian_interpolator.h
[20.676s] -- Symlinking: /home/zine/ws_moveit/install/moveit_core/include/moveit/robot_state/conversions.h
[20.684s] -- Symlinking: /home/zine/ws_moveit/install/moveit_core/include/moveit/robot_state/robot_state.h
[20.693s] -- Symlinking: /home/zine/ws_moveit/install/moveit_core/include/moveit/robot_trajectory/robot_trajectory.h
[20.702s] -- Symlinking: /home/zine/ws_moveit/install/moveit_core/include/moveit/sensor_manager/sensor_manager.h
[20.711s] -- Symlinking: /home/zine/ws_moveit/install/moveit_core/include/moveit/trajectory_processing/iterative_spline_parameterization.h
[20.719s] -- Symlinking: /home/zine/ws_moveit/install/moveit_core/include/moveit/trajectory_processing/iterative_time_parameterization.h
[20.727s] -- Symlinking: /home/zine/ws_moveit/install/moveit_core/include/moveit/trajectory_processing/ruckig_traj_smoothing.h
[20.735s] -- Symlinking: /home/zine/ws_moveit/install/moveit_core/include/moveit/trajectory_processing/time_optimal_trajectory_generation.h
[20.743s] -- Symlinking: /home/zine/ws_moveit/install/moveit_core/include/moveit/trajectory_processing/time_parameterization.h
[20.751s] -- Symlinking: /home/zine/ws_moveit/install/moveit_core/include/moveit/trajectory_processing/trajectory_tools.h
[20.759s] -- Symlinking: /home/zine/ws_moveit/install/moveit_core/include/moveit/transforms/transforms.h
[20.767s] -- Symlinking: /home/zine/ws_moveit/install/moveit_core/include/moveit/utils/lexical_casts.h
[20.775s] -- Symlinking: /home/zine/ws_moveit/install/moveit_core/include/moveit/utils/message_checks.h
[20.783s] -- Symlinking: /home/zine/ws_moveit/install/moveit_core/include/moveit/utils/moveit_error_code.h
[20.791s] -- Symlinking: /home/zine/ws_moveit/install/moveit_core/include/moveit/utils/rclcpp_utils.h
[20.799s] -- Symlinking: /home/zine/ws_moveit/install/moveit_core/include/moveit/utils/robot_model_test_utils.h
[20.808s] -- Symlinking: /home/zine/ws_moveit/install/moveit_core/bin/moveit_version
[20.816s] -- Symlinking: /home/zine/ws_moveit/install/moveit_core/include/moveit/collision_detection/allvalid/collision_detector_allocator_allvalid.h
[20.825s] -- Symlinking: /home/zine/ws_moveit/install/moveit_core/include/moveit/collision_detection/allvalid/collision_env_allvalid.h
[20.833s] -- Symlinking: /home/zine/ws_moveit/install/moveit_core/include/moveit/collision_detection/collision_common.h
[20.841s] -- Symlinking: /home/zine/ws_moveit/install/moveit_core/include/moveit/collision_detection/collision_detector_allocator.h
[20.848s] -- Symlinking: /home/zine/ws_moveit/install/moveit_core/include/moveit/collision_detection/collision_env.h
[20.857s] -- Symlinking: /home/zine/ws_moveit/install/moveit_core/include/moveit/collision_detection/collision_matrix.h
[20.865s] -- Symlinking: /home/zine/ws_moveit/install/moveit_core/include/moveit/collision_detection/collision_octomap_filter.h
[20.873s] -- Symlinking: /home/zine/ws_moveit/install/moveit_core/include/moveit/collision_detection/collision_plugin.h
[20.881s] -- Symlinking: /home/zine/ws_moveit/install/moveit_core/include/moveit/collision_detection/collision_plugin_cache.h
[20.889s] -- Symlinking: /home/zine/ws_moveit/install/moveit_core/include/moveit/collision_detection/collision_tools.h
[20.897s] -- Symlinking: /home/zine/ws_moveit/install/moveit_core/include/moveit/collision_detection/occupancy_map.h
[20.905s] -- Symlinking: /home/zine/ws_moveit/install/moveit_core/include/moveit/collision_detection/test_collision_common_panda.h
[20.913s] -- Symlinking: /home/zine/ws_moveit/install/moveit_core/include/moveit/collision_detection/test_collision_common_pr2.h
[20.921s] -- Symlinking: /home/zine/ws_moveit/install/moveit_core/include/moveit/collision_detection/world.h
[20.929s] -- Symlinking: /home/zine/ws_moveit/install/moveit_core/include/moveit/collision_detection/world_diff.h
[20.937s] -- Symlinking: /home/zine/ws_moveit/install/moveit_core/include/moveit_collision_detection_export.h
[20.945s] -- Symlinking: /home/zine/ws_moveit/install/moveit_core/include/moveit/collision_detection_bullet/bullet_integration/basic_types.h
[20.953s] -- Symlinking: /home/zine/ws_moveit/install/moveit_core/include/moveit/collision_detection_bullet/bullet_integration/bullet_bvh_manager.h
[20.961s] -- Symlinking: /home/zine/ws_moveit/install/moveit_core/include/moveit/collision_detection_bullet/bullet_integration/bullet_cast_bvh_manager.h
[20.969s] -- Symlinking: /home/zine/ws_moveit/install/moveit_core/include/moveit/collision_detection_bullet/bullet_integration/bullet_discrete_bvh_manager.h
[20.977s] -- Symlinking: /home/zine/ws_moveit/install/moveit_core/include/moveit/collision_detection_bullet/bullet_integration/bullet_utils.h
[20.985s] -- Symlinking: /home/zine/ws_moveit/install/moveit_core/include/moveit/collision_detection_bullet/bullet_integration/contact_checker_common.h
[20.992s] -- Symlinking: /home/zine/ws_moveit/install/moveit_core/include/moveit/collision_detection_bullet/bullet_integration/ros_bullet_utils.h
[21.001s] -- Symlinking: /home/zine/ws_moveit/install/moveit_core/include/moveit/collision_detection_bullet/collision_detector_allocator_bullet.h
[21.010s] -- Symlinking: /home/zine/ws_moveit/install/moveit_core/include/moveit/collision_detection_bullet/collision_detector_bullet_plugin_loader.h
[21.018s] -- Symlinking: /home/zine/ws_moveit/install/moveit_core/include/moveit/collision_detection_bullet/collision_env_bullet.h
[21.026s] -- Symlinking: /home/zine/ws_moveit/install/moveit_core/include/moveit_collision_detection_bullet_export.h
[21.034s] -- Symlinking: /home/zine/ws_moveit/install/moveit_core/include/moveit/collision_detection_fcl/collision_common.h
[21.043s] -- Symlinking: /home/zine/ws_moveit/install/moveit_core/include/moveit/collision_detection_fcl/collision_detector_allocator_fcl.h
[21.051s] -- Symlinking: /home/zine/ws_moveit/install/moveit_core/include/moveit/collision_detection_fcl/collision_detector_fcl_plugin_loader.h
[21.059s] -- Symlinking: /home/zine/ws_moveit/install/moveit_core/include/moveit/collision_detection_fcl/collision_env_fcl.h
[21.067s] -- Symlinking: /home/zine/ws_moveit/install/moveit_core/include/moveit/collision_detection_fcl/fcl_compat.h
[21.075s] -- Symlinking: /home/zine/ws_moveit/install/moveit_core/include/moveit_collision_detection_fcl_export.h
[21.083s] -- Symlinking: /home/zine/ws_moveit/install/moveit_core/share/moveit_core/environment/library_path.sh
[21.091s] -- Symlinking: /home/zine/ws_moveit/install/moveit_core/share/moveit_core/environment/library_path.dsv
[21.099s] -- Symlinking: /home/zine/ws_moveit/install/moveit_core/share/moveit_core//collision_detector_fcl_description.xml
[21.108s] -- Symlinking: /home/zine/ws_moveit/install/moveit_core/share/moveit_core//collision_detector_bullet_description.xml
[21.117s] -- Symlinking: /home/zine/ws_moveit/install/moveit_core/share/moveit_core//filter_plugin_butterworth.xml
[21.125s] -- Symlinking: /home/zine/ws_moveit/install/moveit_core/share/ament_index/resource_index/package_run_dependencies/moveit_core
[21.133s] -- Symlinking: /home/zine/ws_moveit/install/moveit_core/share/ament_index/resource_index/parent_prefix_path/moveit_core
[21.141s] -- Symlinking: /home/zine/ws_moveit/install/moveit_core/share/moveit_core/environment/ament_prefix_path.sh
[21.149s] -- Symlinking: /home/zine/ws_moveit/install/moveit_core/share/moveit_core/environment/ament_prefix_path.dsv
[21.157s] -- Symlinking: /home/zine/ws_moveit/install/moveit_core/share/moveit_core/environment/path.sh
[21.166s] -- Symlinking: /home/zine/ws_moveit/install/moveit_core/share/moveit_core/environment/path.dsv
[21.174s] -- Symlinking: /home/zine/ws_moveit/install/moveit_core/share/moveit_core/local_setup.bash
[21.182s] -- Symlinking: /home/zine/ws_moveit/install/moveit_core/share/moveit_core/local_setup.sh
[21.189s] -- Symlinking: /home/zine/ws_moveit/install/moveit_core/share/moveit_core/local_setup.zsh
[21.197s] -- Symlinking: /home/zine/ws_moveit/install/moveit_core/share/moveit_core/local_setup.dsv
[21.206s] -- Symlinking: /home/zine/ws_moveit/install/moveit_core/share/moveit_core/package.dsv
[21.214s] -- Symlinking: /home/zine/ws_moveit/install/moveit_core/share/ament_index/resource_index/packages/moveit_core
[21.223s] -- Symlinking: /home/zine/ws_moveit/install/moveit_core/share/ament_index/resource_index/moveit_core__pluginlib__plugin/moveit_core
[21.231s] -- Symlinking: /home/zine/ws_moveit/install/moveit_core/share/moveit_core/cmake/ConfigExtras.cmake
[21.239s] -- Symlinking: /home/zine/ws_moveit/install/moveit_core/share/moveit_core/cmake/ament_cmake_export_targets-extras.cmake
[21.247s] -- Symlinking: /home/zine/ws_moveit/install/moveit_core/share/moveit_core/cmake/ament_cmake_export_dependencies-extras.cmake
[21.255s] -- Symlinking: /home/zine/ws_moveit/install/moveit_core/share/moveit_core/cmake/moveit_coreConfig.cmake
[21.263s] -- Symlinking: /home/zine/ws_moveit/install/moveit_core/share/moveit_core/cmake/moveit_coreConfig-version.cmake
[21.271s] -- Symlinking: /home/zine/ws_moveit/install/moveit_core/share/moveit_core/package.xml
[21.281s] -- Installing: /home/zine/ws_moveit/install/moveit_core/lib/libcollision_detector_bullet_plugin.so.2.5.8
[21.281s] -- Set runtime path of "/home/zine/ws_moveit/install/moveit_core/lib/libcollision_detector_bullet_plugin.so.2.5.8" to ""
[21.282s] -- Installing: /home/zine/ws_moveit/install/moveit_core/lib/libcollision_detector_bullet_plugin.so
[21.282s] -- Installing: /home/zine/ws_moveit/install/moveit_core/lib/libmoveit_butterworth_filter.so.2.5.8
[21.282s] -- Set runtime path of "/home/zine/ws_moveit/install/moveit_core/lib/libmoveit_butterworth_filter.so.2.5.8" to ""
[21.282s] -- Installing: /home/zine/ws_moveit/install/moveit_core/lib/libmoveit_butterworth_filter.so
[21.282s] -- Installing: /home/zine/ws_moveit/install/moveit_core/lib/libmoveit_collision_distance_field.so.2.5.8
[21.283s] -- Set runtime path of "/home/zine/ws_moveit/install/moveit_core/lib/libmoveit_collision_distance_field.so.2.5.8" to ""
[21.283s] -- Installing: /home/zine/ws_moveit/install/moveit_core/lib/libmoveit_collision_distance_field.so
[21.283s] -- Installing: /home/zine/ws_moveit/install/moveit_core/lib/libmoveit_collision_detection.so.2.5.8
[21.284s] -- Set runtime path of "/home/zine/ws_moveit/install/moveit_core/lib/libmoveit_collision_detection.so.2.5.8" to ""
[21.284s] -- Installing: /home/zine/ws_moveit/install/moveit_core/lib/libmoveit_collision_detection.so
[21.284s] -- Installing: /home/zine/ws_moveit/install/moveit_core/lib/libmoveit_collision_detection_fcl.so.2.5.8
[21.285s] -- Set runtime path of "/home/zine/ws_moveit/install/moveit_core/lib/libmoveit_collision_detection_fcl.so.2.5.8" to ""
[21.285s] -- Installing: /home/zine/ws_moveit/install/moveit_core/lib/libmoveit_collision_detection_fcl.so
[21.285s] -- Installing: /home/zine/ws_moveit/install/moveit_core/lib/libmoveit_collision_detection_bullet.so.2.5.8
[21.286s] -- Set runtime path of "/home/zine/ws_moveit/install/moveit_core/lib/libmoveit_collision_detection_bullet.so.2.5.8" to ""
[21.286s] -- Installing: /home/zine/ws_moveit/install/moveit_core/lib/libmoveit_collision_detection_bullet.so
[21.286s] -- Installing: /home/zine/ws_moveit/install/moveit_core/lib/libmoveit_dynamics_solver.so.2.5.8
[21.286s] -- Set runtime path of "/home/zine/ws_moveit/install/moveit_core/lib/libmoveit_dynamics_solver.so.2.5.8" to ""
[21.286s] -- Installing: /home/zine/ws_moveit/install/moveit_core/lib/libmoveit_dynamics_solver.so
[21.286s] -- Installing: /home/zine/ws_moveit/install/moveit_core/lib/libmoveit_constraint_samplers.so.2.5.8
[21.287s] -- Set runtime path of "/home/zine/ws_moveit/install/moveit_core/lib/libmoveit_constraint_samplers.so.2.5.8" to ""
[21.287s] -- Installing: /home/zine/ws_moveit/install/moveit_core/lib/libmoveit_constraint_samplers.so
[21.287s] -- Installing: /home/zine/ws_moveit/install/moveit_core/lib/libmoveit_distance_field.so.2.5.8
[21.288s] -- Set runtime path of "/home/zine/ws_moveit/install/moveit_core/lib/libmoveit_distance_field.so.2.5.8" to ""
[21.288s] -- Installing: /home/zine/ws_moveit/install/moveit_core/lib/libmoveit_distance_field.so
[21.288s] -- Installing: /home/zine/ws_moveit/install/moveit_core/lib/libmoveit_exceptions.so.2.5.8
[21.288s] -- Set runtime path of "/home/zine/ws_moveit/install/moveit_core/lib/libmoveit_exceptions.so.2.5.8" to ""
[21.288s] -- Installing: /home/zine/ws_moveit/install/moveit_core/lib/libmoveit_exceptions.so
[21.289s] -- Installing: /home/zine/ws_moveit/install/moveit_core/lib/libmoveit_kinematics_base.so
[21.289s] -- Set runtime path of "/home/zine/ws_moveit/install/moveit_core/lib/libmoveit_kinematics_base.so" to ""
[21.289s] -- Installing: /home/zine/ws_moveit/install/moveit_core/lib/libmoveit_kinematic_constraints.so.2.5.8
[21.290s] -- Set runtime path of "/home/zine/ws_moveit/install/moveit_core/lib/libmoveit_kinematic_constraints.so.2.5.8" to ""
[21.290s] -- Installing: /home/zine/ws_moveit/install/moveit_core/lib/libmoveit_kinematic_constraints.so
[21.290s] -- Installing: /home/zine/ws_moveit/install/moveit_core/lib/libmoveit_kinematics_metrics.so.2.5.8
[21.290s] -- Set runtime path of "/home/zine/ws_moveit/install/moveit_core/lib/libmoveit_kinematics_metrics.so.2.5.8" to ""
[21.290s] -- Installing: /home/zine/ws_moveit/install/moveit_core/lib/libmoveit_kinematics_metrics.so
[21.291s] -- Installing: /home/zine/ws_moveit/install/moveit_core/lib/libmoveit_planning_interface.so.2.5.8
[21.291s] -- Set runtime path of "/home/zine/ws_moveit/install/moveit_core/lib/libmoveit_planning_interface.so.2.5.8" to ""
[21.291s] -- Installing: /home/zine/ws_moveit/install/moveit_core/lib/libmoveit_planning_interface.so
[21.291s] -- Installing: /home/zine/ws_moveit/install/moveit_core/lib/libmoveit_planning_scene.so.2.5.8
[21.292s] -- Set runtime path of "/home/zine/ws_moveit/install/moveit_core/lib/libmoveit_planning_scene.so.2.5.8" to ""
[21.292s] -- Installing: /home/zine/ws_moveit/install/moveit_core/lib/libmoveit_planning_scene.so
[21.292s] -- Installing: /home/zine/ws_moveit/install/moveit_core/lib/libmoveit_planning_request_adapter.so.2.5.8
[21.293s] -- Set runtime path of "/home/zine/ws_moveit/install/moveit_core/lib/libmoveit_planning_request_adapter.so.2.5.8" to ""
[21.293s] -- Installing: /home/zine/ws_moveit/install/moveit_core/lib/libmoveit_planning_request_adapter.so
[21.293s] -- Installing: /home/zine/ws_moveit/install/moveit_core/lib/libmoveit_robot_model.so.2.5.8
[21.294s] -- Set runtime path of "/home/zine/ws_moveit/install/moveit_core/lib/libmoveit_robot_model.so.2.5.8" to ""
[21.294s] -- Installing: /home/zine/ws_moveit/install/moveit_core/lib/libmoveit_robot_model.so
[21.294s] -- Installing: /home/zine/ws_moveit/install/moveit_core/lib/libmoveit_robot_state.so.2.5.8
[21.295s] -- Set runtime path of "/home/zine/ws_moveit/install/moveit_core/lib/libmoveit_robot_state.so.2.5.8" to ""
[21.295s] -- Installing: /home/zine/ws_moveit/install/moveit_core/lib/libmoveit_robot_state.so
[21.295s] -- Installing: /home/zine/ws_moveit/install/moveit_core/lib/libmoveit_robot_trajectory.so.2.5.8
[21.295s] -- Set runtime path of "/home/zine/ws_moveit/install/moveit_core/lib/libmoveit_robot_trajectory.so.2.5.8" to ""
[21.295s] -- Installing: /home/zine/ws_moveit/install/moveit_core/lib/libmoveit_robot_trajectory.so
[21.296s] -- Installing: /home/zine/ws_moveit/install/moveit_core/lib/libmoveit_smoothing_base.so.2.5.8
[21.296s] -- Set runtime path of "/home/zine/ws_moveit/install/moveit_core/lib/libmoveit_smoothing_base.so.2.5.8" to ""
[21.296s] -- Installing: /home/zine/ws_moveit/install/moveit_core/lib/libmoveit_smoothing_base.so
[21.296s] -- Installing: /home/zine/ws_moveit/install/moveit_core/lib/libmoveit_test_utils.so.2.5.8
[21.297s] -- Set runtime path of "/home/zine/ws_moveit/install/moveit_core/lib/libmoveit_test_utils.so.2.5.8" to ""
[21.297s] -- Installing: /home/zine/ws_moveit/install/moveit_core/lib/libmoveit_test_utils.so
[21.297s] -- Installing: /home/zine/ws_moveit/install/moveit_core/lib/libmoveit_trajectory_processing.so.2.5.8
[21.297s] -- Set runtime path of "/home/zine/ws_moveit/install/moveit_core/lib/libmoveit_trajectory_processing.so.2.5.8" to ""
[21.297s] -- Installing: /home/zine/ws_moveit/install/moveit_core/lib/libmoveit_trajectory_processing.so
[21.298s] -- Installing: /home/zine/ws_moveit/install/moveit_core/lib/libmoveit_transforms.so.2.5.8
[21.298s] -- Set runtime path of "/home/zine/ws_moveit/install/moveit_core/lib/libmoveit_transforms.so.2.5.8" to ""
[21.298s] -- Installing: /home/zine/ws_moveit/install/moveit_core/lib/libmoveit_transforms.so
[21.298s] -- Installing: /home/zine/ws_moveit/install/moveit_core/lib/libmoveit_utils.so.2.5.8
[21.298s] -- Set runtime path of "/home/zine/ws_moveit/install/moveit_core/lib/libmoveit_utils.so.2.5.8" to ""
[21.299s] -- Installing: /home/zine/ws_moveit/install/moveit_core/lib/libmoveit_utils.so
[21.299s] -- Installing: /home/zine/ws_moveit/install/moveit_core/share/moveit_core/cmake/export_moveit_coreExport.cmake
[21.299s] -- Installing: /home/zine/ws_moveit/install/moveit_core/share/moveit_core/cmake/export_moveit_coreExport-release.cmake
[21.301s] Invoked command in '/home/zine/ws_moveit/build/moveit_core' returned '0': CMAKE_PREFIX_PATH=/home/zine/ws_moveit/install/moveit_resources_panda_moveit_config:/home/zine/ws_moveit/install/srdfdom:/home/zine/ws_moveit/install/moveit_resources_pr2_description:/home/zine/ws_moveit/install/moveit_resources_panda_description:/home/zine/ws_moveit/install/moveit_common:/home/zine/ws_moveit/install/pilz_industrial_motion_planner_testutils:/home/zine/ws_moveit/install/moveit_runtime:/home/zine/ws_moveit/install/moveit2_tutorials:/home/zine/ws_moveit/install/moveit:/home/zine/ws_moveit/install/lab_arm_config:/home/zine/ws_moveit/install/fixy_config:/home/zine/ws_moveit/install/moveit_planners:/home/zine/ws_moveit/install/pilz_industrial_motion_planner:/home/zine/ws_moveit/install/moveit_visual_tools:/home/zine/ws_moveit/install/moveit_task_constructor_visualization:/home/zine/ws_moveit/install/moveit_task_constructor_demo:/home/zine/ws_moveit/install/moveit_task_constructor_capabilities:/home/zine/ws_moveit/install/moveit_task_constructor_core:/home/zine/ws_moveit/install/moveit_ros_control_interface:/home/zine/ws_moveit/install/moveit_plugins:/home/zine/ws_moveit/install/moveit_simple_controller_manager:/home/zine/ws_moveit/install/moveit_setup_assistant:/home/zine/ws_moveit/install/moveit_setup_srdf_plugins:/home/zine/ws_moveit/install/moveit_setup_core_plugins:/home/zine/ws_moveit/install/moveit_setup_controllers:/home/zine/ws_moveit/install/moveit_setup_app_plugins:/home/zine/ws_moveit/install/moveit_setup_framework:/home/zine/ws_moveit/install/moveit_servo:/home/zine/ws_moveit/install/moveit_ros:/home/zine/ws_moveit/install/moveit_ros_visualization:/home/zine/ws_moveit/install/moveit_hybrid_planning:/home/zine/ws_moveit/install/moveit_ros_planning_interface:/home/zine/ws_moveit/install/moveit_ros_benchmarks:/home/zine/ws_moveit/install/moveit_ros_warehouse:/home/zine/ws_moveit/install/moveit_ros_robot_interaction:/home/zine/ws_moveit/install/moveit_ros_perception:/home/zine/ws_moveit/install/moveit_resources_prbt_pg70_support:/home/zine/ws_moveit/install/moveit_resources_prbt_moveit_config:/home/zine/ws_moveit/install/moveit_ros_move_group:/home/zine/ws_moveit/install/moveit_planners_ompl:/home/zine/ws_moveit/install/moveit_ros_planning:/home/zine/ws_moveit/install/moveit_ros_occupancy_map_monitor:/home/zine/ws_moveit/install/moveit_resources_prbt_ikfast_manipulator_plugin:/home/zine/ws_moveit/install/moveit_planners_chomp:/home/zine/ws_moveit/install/moveit_kinematics:/home/zine/ws_moveit/install/moveit_chomp_optimizer_adapter:/home/zine/ws_moveit/install/chomp_motion_planner:/home/zine/ws_moveit/install/moveit_core:/home/zine/ws_moveit/install/moveit_configs_utils:/home/zine/ws_moveit/install/launch_param_builder:/home/zine/ws_moveit/install/fixy_description:/opt/ros/humble:/home/zine/ws_moveit/install/serial:/home/zine/ws_moveit/install/rviz_marker_tools:/home/zine/ws_moveit/install/rosparam_shortcuts:/home/zine/ws_moveit/install/moveit_task_constructor_msgs:/home/zine/ws_moveit/install/moveit_resources_prbt_support:/home/zine/ws_moveit/install/moveit_resources:/home/zine/ws_moveit/install/moveit_resources_fanuc_moveit_config:/home/zine/ws_moveit/install/moveit_resources_fanuc_description:/home/zine/ws_moveit/install/hardware_controller LD_LIBRARY_PATH=/home/zine/ws_moveit/install/srdfdom/lib:/opt/ros/humble/lib:/opt/ros/humble/lib:/home/zine/ws_moveit/install/pilz_industrial_motion_planner_testutils/lib:/home/zine/ws_moveit/install/pilz_industrial_motion_planner/lib:/home/zine/ws_moveit/install/moveit_visual_tools/lib:/home/zine/ws_moveit/install/moveit_task_constructor_visualization/lib:/home/zine/ws_moveit/install/moveit_task_constructor_demo/lib:/home/zine/ws_moveit/install/moveit_task_constructor_capabilities/lib:/home/zine/ws_moveit/install/moveit_task_constructor_core/lib:/home/zine/ws_moveit/install/moveit_ros_control_interface/lib:/home/zine/ws_moveit/install/moveit_simple_controller_manager/lib:/home/zine/ws_moveit/install/moveit_setup_assistant/lib:/home/zine/ws_moveit/install/moveit_setup_srdf_plugins/lib:/home/zine/ws_moveit/install/moveit_setup_core_plugins/lib:/home/zine/ws_moveit/install/moveit_setup_controllers/lib:/home/zine/ws_moveit/install/moveit_setup_app_plugins/lib:/home/zine/ws_moveit/install/moveit_setup_framework/lib:/home/zine/ws_moveit/install/moveit_servo/lib:/home/zine/ws_moveit/install/moveit_ros_visualization/lib:/home/zine/ws_moveit/install/moveit_hybrid_planning/lib:/home/zine/ws_moveit/install/moveit_ros_planning_interface/lib:/home/zine/ws_moveit/install/moveit_ros_benchmarks/lib:/home/zine/ws_moveit/install/moveit_ros_warehouse/lib:/home/zine/ws_moveit/install/moveit_ros_robot_interaction/lib:/home/zine/ws_moveit/install/moveit_ros_perception/lib:/home/zine/ws_moveit/install/moveit_ros_move_group/lib:/home/zine/ws_moveit/install/moveit_planners_ompl/lib:/home/zine/ws_moveit/install/moveit_ros_planning/lib:/home/zine/ws_moveit/install/moveit_ros_occupancy_map_monitor/lib:/home/zine/ws_moveit/install/moveit_resources_prbt_ikfast_manipulator_plugin/lib:/home/zine/ws_moveit/install/moveit_planners_chomp/lib:/home/zine/ws_moveit/install/moveit_kinematics/lib:/home/zine/ws_moveit/install/moveit_chomp_optimizer_adapter/lib:/home/zine/ws_moveit/install/chomp_motion_planner/lib:/home/zine/ws_moveit/install/moveit_core/lib:/home/zine/ws_moveit/install/serial/lib:/home/zine/ws_moveit/install/rviz_marker_tools/lib:/home/zine/ws_moveit/install/rosparam_shortcuts/lib:/home/zine/ws_moveit/install/moveit_task_constructor_msgs/lib:/home/zine/ws_moveit/install/hardware_controller/lib:/usr/lib/x86_64-linux-gnu/gazebo-11/plugins:/opt/ros/humble/opt/rviz_ogre_vendor/lib:/opt/ros/humble/lib/x86_64-linux-gnu:/opt/ros/humble/lib:/usr/share/gazebo/../../lib/x86_64-linux-gnu/gazebo-11/plugins /usr/bin/cmake --install /home/zine/ws_moveit/build/moveit_core
