[35m[1mConsolidate compiler generated dependencies of target hardware_controller[0m
[ 50%] [32mBuilding CXX object CMakeFiles/hardware_controller.dir/src/hardware_controller_arvi.cpp.o[0m
[100%] [32m[1mLinking CXX shared library libhardware_controller.so[0m
[100%] Built target hardware_controller
-- Install configuration: ""
-- Execute custom install script
-- Up-to-date symlink: /home/zine/ws_moveit/install/hardware_controller/share/hardware_controller//hardware_controller.xml
-- Up-to-date symlink: /home/zine/ws_moveit/install/hardware_controller/include/hardware_controller/hardware_controller.hpp
-- Up-to-date symlink: /home/zine/ws_moveit/install/hardware_controller/share/hardware_controller/hardware_controller.xml
-- Up-to-date symlink: /home/zine/ws_moveit/install/hardware_controller/share/hardware_controller//launch/launch.py
-- Up-to-date symlink: /home/zine/ws_moveit/install/hardware_controller/share/hardware_controller//config/hardware.yaml
-- Up-to-date symlink: /home/zine/ws_moveit/install/hardware_controller/share/hardware_controller/environment/library_path.sh
-- Up-to-date symlink: /home/zine/ws_moveit/install/hardware_controller/share/hardware_controller/environment/library_path.dsv
-- Up-to-date symlink: /home/zine/ws_moveit/install/hardware_controller/share/ament_index/resource_index/package_run_dependencies/hardware_controller
-- Up-to-date symlink: /home/zine/ws_moveit/install/hardware_controller/share/ament_index/resource_index/parent_prefix_path/hardware_controller
-- Up-to-date symlink: /home/zine/ws_moveit/install/hardware_controller/share/hardware_controller/environment/ament_prefix_path.sh
-- Up-to-date symlink: /home/zine/ws_moveit/install/hardware_controller/share/hardware_controller/environment/ament_prefix_path.dsv
-- Up-to-date symlink: /home/zine/ws_moveit/install/hardware_controller/share/hardware_controller/environment/path.sh
-- Up-to-date symlink: /home/zine/ws_moveit/install/hardware_controller/share/hardware_controller/environment/path.dsv
-- Up-to-date symlink: /home/zine/ws_moveit/install/hardware_controller/share/hardware_controller/local_setup.bash
-- Up-to-date symlink: /home/zine/ws_moveit/install/hardware_controller/share/hardware_controller/local_setup.sh
-- Up-to-date symlink: /home/zine/ws_moveit/install/hardware_controller/share/hardware_controller/local_setup.zsh
-- Up-to-date symlink: /home/zine/ws_moveit/install/hardware_controller/share/hardware_controller/local_setup.dsv
-- Symlinking: /home/zine/ws_moveit/install/hardware_controller/share/hardware_controller/package.dsv
-- Up-to-date symlink: /home/zine/ws_moveit/install/hardware_controller/share/ament_index/resource_index/packages/hardware_controller
-- Up-to-date symlink: /home/zine/ws_moveit/install/hardware_controller/share/ament_index/resource_index/hardware_interface__pluginlib__plugin/hardware_controller
-- Up-to-date symlink: /home/zine/ws_moveit/install/hardware_controller/share/hardware_controller/cmake/ament_cmake_export_include_directories-extras.cmake
-- Up-to-date symlink: /home/zine/ws_moveit/install/hardware_controller/share/hardware_controller/cmake/ament_cmake_export_libraries-extras.cmake
-- Up-to-date symlink: /home/zine/ws_moveit/install/hardware_controller/share/hardware_controller/cmake/ament_cmake_export_dependencies-extras.cmake
-- Up-to-date symlink: /home/zine/ws_moveit/install/hardware_controller/share/hardware_controller/cmake/hardware_controllerConfig.cmake
-- Up-to-date symlink: /home/zine/ws_moveit/install/hardware_controller/share/hardware_controller/cmake/hardware_controllerConfig-version.cmake
-- Up-to-date symlink: /home/zine/ws_moveit/install/hardware_controller/share/hardware_controller/package.xml
-- Installing: /home/zine/ws_moveit/install/hardware_controller/lib/libhardware_controller.so
-- Set runtime path of "/home/zine/ws_moveit/install/hardware_controller/lib/libhardware_controller.so" to ""
