-- Found ament_cmake: 1.3.12 (/opt/ros/humble/share/ament_cmake/cmake)
-- Override CMake install command with custom implementation using symlinks instead of copying resources
-- Found hardware_interface: 2.51.0 (/opt/ros/humble/share/hardware_interface/cmake)
-- Found rosidl_generator_c: 3.1.7 (/opt/ros/humble/share/rosidl_generator_c/cmake)
-- Found rosidl_adapter: 3.1.7 (/opt/ros/humble/share/rosidl_adapter/cmake)
-- Found rosidl_generator_cpp: 3.1.7 (/opt/ros/humble/share/rosidl_generator_cpp/cmake)
-- Using all available rosidl_typesupport_c: rosidl_typesupport_fastrtps_c;rosidl_typesupport_introspection_c
-- Using all available rosidl_typesupport_cpp: rosidl_typesupport_fastrtps_cpp;rosidl_typesupport_introspection_cpp
-- Found rmw_implementation_cmake: 6.1.2 (/opt/ros/humble/share/rmw_implementation_cmake/cmake)
-- Found rmw_fastrtps_cpp: 6.2.8 (/opt/ros/humble/share/rmw_fastrtps_cpp/cmake)
-- Found TinyXML2 via Config file: TinyXML2_DIR-NOTFOUND
-- Found TinyXML2 via Config file: TinyXML2_DIR-NOTFOUND
-- Found TinyXML2 via Config file: TinyXML2_DIR-NOTFOUND
-- Found TinyXML2 via Config file: TinyXML2_DIR-NOTFOUND
-- Using RMW implementation 'rmw_fastrtps_cpp' as default
-- Configuring done
-- Generating done
-- Build files have been written to: /home/zine/ws_moveit/build/hardware_controller
[35m[1mConsolidate compiler generated dependencies of target hardware_controller[0m
[ 50%] [32m[1mLinking CXX shared library libhardware_controller.so[0m
[100%] Built target hardware_controller
-- Install configuration: ""
-- Execute custom install script
-- Up-to-date symlink: /home/zine/ws_moveit/install/hardware_controller/share/hardware_controller//hardware_controller.xml
-- Up-to-date symlink: /home/zine/ws_moveit/install/hardware_controller/include/hardware_controller/hardware_controller.hpp
-- Up-to-date symlink: /home/zine/ws_moveit/install/hardware_controller/share/hardware_controller/hardware_controller.xml
-- Up-to-date symlink: /home/zine/ws_moveit/install/hardware_controller/share/hardware_controller//launch/launch.py
-- Up-to-date symlink: /home/zine/ws_moveit/install/hardware_controller/share/hardware_controller//config/hardware.yaml
-- Up-to-date symlink: /home/zine/ws_moveit/install/hardware_controller/share/hardware_controller/environment/library_path.sh
-- Up-to-date symlink: /home/zine/ws_moveit/install/hardware_controller/share/hardware_controller/environment/library_path.dsv
-- Up-to-date symlink: /home/zine/ws_moveit/install/hardware_controller/share/ament_index/resource_index/package_run_dependencies/hardware_controller
-- Up-to-date symlink: /home/zine/ws_moveit/install/hardware_controller/share/ament_index/resource_index/parent_prefix_path/hardware_controller
-- Up-to-date symlink: /home/zine/ws_moveit/install/hardware_controller/share/hardware_controller/environment/ament_prefix_path.sh
-- Up-to-date symlink: /home/zine/ws_moveit/install/hardware_controller/share/hardware_controller/environment/ament_prefix_path.dsv
-- Up-to-date symlink: /home/zine/ws_moveit/install/hardware_controller/share/hardware_controller/environment/path.sh
-- Up-to-date symlink: /home/zine/ws_moveit/install/hardware_controller/share/hardware_controller/environment/path.dsv
-- Up-to-date symlink: /home/zine/ws_moveit/install/hardware_controller/share/hardware_controller/local_setup.bash
-- Up-to-date symlink: /home/zine/ws_moveit/install/hardware_controller/share/hardware_controller/local_setup.sh
-- Up-to-date symlink: /home/zine/ws_moveit/install/hardware_controller/share/hardware_controller/local_setup.zsh
-- Up-to-date symlink: /home/zine/ws_moveit/install/hardware_controller/share/hardware_controller/local_setup.dsv
-- Symlinking: /home/zine/ws_moveit/install/hardware_controller/share/hardware_controller/package.dsv
-- Up-to-date symlink: /home/zine/ws_moveit/install/hardware_controller/share/ament_index/resource_index/packages/hardware_controller
-- Up-to-date symlink: /home/zine/ws_moveit/install/hardware_controller/share/ament_index/resource_index/hardware_interface__pluginlib__plugin/hardware_controller
-- Up-to-date symlink: /home/zine/ws_moveit/install/hardware_controller/share/hardware_controller/cmake/ament_cmake_export_include_directories-extras.cmake
-- Up-to-date symlink: /home/zine/ws_moveit/install/hardware_controller/share/hardware_controller/cmake/ament_cmake_export_libraries-extras.cmake
-- Up-to-date symlink: /home/zine/ws_moveit/install/hardware_controller/share/hardware_controller/cmake/ament_cmake_export_dependencies-extras.cmake
-- Up-to-date symlink: /home/zine/ws_moveit/install/hardware_controller/share/hardware_controller/cmake/hardware_controllerConfig.cmake
-- Up-to-date symlink: /home/zine/ws_moveit/install/hardware_controller/share/hardware_controller/cmake/hardware_controllerConfig-version.cmake
-- Up-to-date symlink: /home/zine/ws_moveit/install/hardware_controller/share/hardware_controller/package.xml
-- Installing: /home/zine/ws_moveit/install/hardware_controller/lib/libhardware_controller.so
-- Set runtime path of "/home/zine/ws_moveit/install/hardware_controller/lib/libhardware_controller.so" to ""
