[0.664s] Invoking command in '/home/zine/ws_moveit/build/rosparam_shortcuts': CMAKE_PREFIX_PATH=${CMAKE_PREFIX_PATH}:/home/zine/ws_moveit/install/moveit_configs_utils:/home/zine/ws_moveit/install/launch_param_builder:/home/zine/ws_moveit/install/fixy_description:/opt/ros/humble /usr/bin/cmake /home/zine/ws_moveit/src/rosparam_shortcuts -DAMENT_CMAKE_SYMLINK_INSTALL=1 -DCMAKE_INSTALL_PREFIX=/home/zine/ws_moveit/install/rosparam_shortcuts
[3.651s] -- The C compiler identification is GNU 11.4.0
[3.966s] -- The CXX compiler identification is GNU 11.4.0
[4.088s] -- Detecting C compiler ABI info
[4.481s] -- Detecting C compiler ABI info - done
[4.495s] -- Check for working C compiler: /usr/lib/ccache/cc - skipped
[4.495s] -- Detecting C compile features
[4.495s] -- Detecting C compile features - done
[4.499s] -- Detecting CXX compiler ABI info
[4.644s] -- Detecting CXX compiler ABI info - done
[4.663s] -- Check for working CXX compiler: /usr/lib/ccache/c++ - skipped
[4.663s] -- Detecting CXX compile features
[4.664s] -- Detecting CXX compile features - done
[4.668s] -- Found ament_cmake: 1.3.12 (/opt/ros/humble/share/ament_cmake/cmake)
[4.828s] -- Found Python3: /usr/bin/python3 (found version "3.10.12") found components: Interpreter 
[4.892s] -- Override CMake install command with custom implementation using symlinks instead of copying resources
[4.970s] -- Found eigen3_cmake_module: 0.1.1 (/opt/ros/humble/share/eigen3_cmake_module/cmake)
[5.019s] -- Found Eigen3: TRUE (found version "3.4.0") 
[5.150s] -- Found geometry_msgs: 4.9.0 (/opt/ros/humble/share/geometry_msgs/cmake)
[6.065s] -- Found rosidl_generator_c: 3.1.7 (/opt/ros/humble/share/rosidl_generator_c/cmake)
[6.563s] -- Found rosidl_adapter: 3.1.7 (/opt/ros/humble/share/rosidl_adapter/cmake)
[7.239s] -- Found rosidl_generator_cpp: 3.1.7 (/opt/ros/humble/share/rosidl_generator_cpp/cmake)
[7.626s] -- Using all available rosidl_typesupport_c: rosidl_typesupport_fastrtps_c;rosidl_typesupport_introspection_c
[7.849s] -- Using all available rosidl_typesupport_cpp: rosidl_typesupport_fastrtps_cpp;rosidl_typesupport_introspection_cpp
[8.814s] -- Found rclcpp: 16.0.14 (/opt/ros/humble/share/rclcpp/cmake)
[8.985s] -- Found rmw_implementation_cmake: 6.1.2 (/opt/ros/humble/share/rmw_implementation_cmake/cmake)
[9.021s] -- Found rmw_fastrtps_cpp: 6.2.8 (/opt/ros/humble/share/rmw_fastrtps_cpp/cmake)
[9.448s] -- Found OpenSSL: /usr/lib/x86_64-linux-gnu/libcrypto.so (found version "3.0.2")  
[9.529s] -- Found FastRTPS: /opt/ros/humble/include  
[9.578s] -- Using RMW implementation 'rmw_fastrtps_cpp' as default
[10.030s] -- Looking for pthread.h
[10.378s] -- Looking for pthread.h - found
[10.378s] -- Performing Test CMAKE_HAVE_LIBC_PTHREAD
[10.567s] -- Performing Test CMAKE_HAVE_LIBC_PTHREAD - Success
[10.568s] -- Found Threads: TRUE  
[13.045s] -- Found tf2_eigen: 0.25.15 (/opt/ros/humble/share/tf2_eigen/cmake)
[15.477s] -- Found ament_lint_auto: 0.12.14 (/opt/ros/humble/share/ament_lint_auto/cmake)
[15.480s] -- Found ament_cmake_gtest: 1.3.12 (/opt/ros/humble/share/ament_cmake_gtest/cmake)
[15.729s] -- Found ros_testing: 0.4.0 (/opt/ros/humble/share/ros_testing/cmake)
[15.852s] -- Found launch_testing_ament_cmake: 1.0.10 (/opt/ros/humble/share/launch_testing_ament_cmake/cmake)
[16.249s] -- Found python_cmake_module: 0.10.0 (/opt/ros/humble/share/python_cmake_module/cmake)
[16.294s] -- Found PythonInterp: /usr/bin/python3 (found suitable version "3.10.12", minimum required is "3.6") 
[16.451s] -- Found PythonLibs: /usr/lib/x86_64-linux-gnu/libpython3.10.so (found suitable version "3.10.12", minimum required is "3.5") 
[16.453s] -- Using PYTHON_EXECUTABLE: /usr/bin/python3
[16.453s] -- Using PYTHON_INCLUDE_DIRS: /usr/include/python3.10
[16.453s] -- Using PYTHON_LIBRARIES: /usr/lib/x86_64-linux-gnu/libpython3.10.so
[16.501s] -- Found PythonExtra: .so  
[16.657s] -- Found gtest sources under '/opt/ros/humble/src/gtest_vendor': C++ tests using 'Google Test' will be built
[16.670s] -- Added test 'copyright' to check source files copyright and LICENSE
[16.672s] -- Added test 'lint_cmake' to check CMake code style
[16.673s] -- Added test 'pep257' to check Python code against some of the docstring style conventions in PEP 257
[16.675s] -- Added test 'xmllint' to check XML markup files
[16.678s] -- Configuring done
[16.700s] -- Generating done
[16.708s] -- Build files have been written to: /home/zine/ws_moveit/build/rosparam_shortcuts
[16.716s] Invoked command in '/home/zine/ws_moveit/build/rosparam_shortcuts' returned '0': CMAKE_PREFIX_PATH=${CMAKE_PREFIX_PATH}:/home/zine/ws_moveit/install/moveit_configs_utils:/home/zine/ws_moveit/install/launch_param_builder:/home/zine/ws_moveit/install/fixy_description:/opt/ros/humble /usr/bin/cmake /home/zine/ws_moveit/src/rosparam_shortcuts -DAMENT_CMAKE_SYMLINK_INSTALL=1 -DCMAKE_INSTALL_PREFIX=/home/zine/ws_moveit/install/rosparam_shortcuts
[16.718s] Invoking command in '/home/zine/ws_moveit/build/rosparam_shortcuts': CMAKE_PREFIX_PATH=${CMAKE_PREFIX_PATH}:/home/zine/ws_moveit/install/moveit_configs_utils:/home/zine/ws_moveit/install/launch_param_builder:/home/zine/ws_moveit/install/fixy_description:/opt/ros/humble /usr/bin/cmake --build /home/zine/ws_moveit/build/rosparam_shortcuts -- -j12 -l12
[16.772s] [ 23%] [32mBuilding CXX object CMakeFiles/rosparam_shortcuts.dir/src/rosparam_shortcuts.cpp.o[0m
[16.772s] [ 23%] [32mBuilding CXX object gtest/CMakeFiles/gtest_main.dir/src/gtest_main.cc.o[0m
[16.772s] [ 23%] [32mBuilding CXX object gtest/CMakeFiles/gtest.dir/src/gtest-all.cc.o[0m
[16.772s] [ 30%] [32mBuilding CXX object CMakeFiles/rosparam_shortcuts.dir/src/node_parameters.cpp.o[0m
[17.068s] [ 38%] [32m[1mLinking CXX static library libgtest_main.a[0m
[17.184s] [ 38%] Built target gtest_main
[17.472s] [ 46%] [32m[1mLinking CXX static library libgtest.a[0m
[17.633s] [ 46%] Built target gtest
[23.142s] [ 53%] [32m[1mLinking CXX shared library librosparam_shortcuts.so[0m
[23.394s] [ 53%] Built target rosparam_shortcuts
[23.419s] [ 69%] [32mBuilding CXX object CMakeFiles/rosparam_shortcuts_node_parameters_example.dir/src/node_parameters_example.cpp.o[0m
[23.419s] [ 69%] [32mBuilding CXX object CMakeFiles/test_node_parameters.dir/test/test_node_parameters.cpp.o[0m
[23.419s] [ 76%] [32mBuilding CXX object CMakeFiles/rosparam_shortcuts_example.dir/src/example.cpp.o[0m
[23.556s] [ 84%] [32m[1mLinking CXX executable example[0m
[23.579s] [ 92%] [32m[1mLinking CXX executable node_parameters_example[0m
[23.746s] [ 92%] Built target rosparam_shortcuts_node_parameters_example
[23.770s] [ 92%] Built target rosparam_shortcuts_example
[23.830s] [100%] [32m[1mLinking CXX executable test_node_parameters[0m
[24.190s] [100%] Built target test_node_parameters
[24.201s] Invoked command in '/home/zine/ws_moveit/build/rosparam_shortcuts' returned '0': CMAKE_PREFIX_PATH=${CMAKE_PREFIX_PATH}:/home/zine/ws_moveit/install/moveit_configs_utils:/home/zine/ws_moveit/install/launch_param_builder:/home/zine/ws_moveit/install/fixy_description:/opt/ros/humble /usr/bin/cmake --build /home/zine/ws_moveit/build/rosparam_shortcuts -- -j12 -l12
[24.202s] Invoking command in '/home/zine/ws_moveit/build/rosparam_shortcuts': CMAKE_PREFIX_PATH=${CMAKE_PREFIX_PATH}:/home/zine/ws_moveit/install/moveit_configs_utils:/home/zine/ws_moveit/install/launch_param_builder:/home/zine/ws_moveit/install/fixy_description:/opt/ros/humble /usr/bin/cmake --install /home/zine/ws_moveit/build/rosparam_shortcuts
[24.209s] -- Install configuration: ""
[24.210s] -- Execute custom install script
[24.210s] -- Symlinking: /home/zine/ws_moveit/install/rosparam_shortcuts/lib/rosparam_shortcuts/example
[24.219s] -- Symlinking: /home/zine/ws_moveit/install/rosparam_shortcuts/lib/rosparam_shortcuts/node_parameters_example
[24.227s] -- Symlinking: /home/zine/ws_moveit/install/rosparam_shortcuts/include/rosparam_shortcuts/node_parameters.h
[24.236s] -- Symlinking: /home/zine/ws_moveit/install/rosparam_shortcuts/include/rosparam_shortcuts/rosparam_shortcuts.h
[24.245s] -- Symlinking: /home/zine/ws_moveit/install/rosparam_shortcuts/share/rosparam_shortcuts/launch/example.launch.py
[24.254s] -- Symlinking: /home/zine/ws_moveit/install/rosparam_shortcuts/share/rosparam_shortcuts/config/example.yaml
[24.264s] -- Symlinking: /home/zine/ws_moveit/install/rosparam_shortcuts/share/rosparam_shortcuts/environment/library_path.sh
[24.273s] -- Symlinking: /home/zine/ws_moveit/install/rosparam_shortcuts/share/rosparam_shortcuts/environment/library_path.dsv
[24.281s] -- Symlinking: /home/zine/ws_moveit/install/rosparam_shortcuts/share/ament_index/resource_index/package_run_dependencies/rosparam_shortcuts
[24.291s] -- Symlinking: /home/zine/ws_moveit/install/rosparam_shortcuts/share/ament_index/resource_index/parent_prefix_path/rosparam_shortcuts
[24.300s] -- Symlinking: /home/zine/ws_moveit/install/rosparam_shortcuts/share/rosparam_shortcuts/environment/ament_prefix_path.sh
[24.308s] -- Symlinking: /home/zine/ws_moveit/install/rosparam_shortcuts/share/rosparam_shortcuts/environment/ament_prefix_path.dsv
[24.317s] -- Symlinking: /home/zine/ws_moveit/install/rosparam_shortcuts/share/rosparam_shortcuts/environment/path.sh
[24.325s] -- Symlinking: /home/zine/ws_moveit/install/rosparam_shortcuts/share/rosparam_shortcuts/environment/path.dsv
[24.334s] -- Symlinking: /home/zine/ws_moveit/install/rosparam_shortcuts/share/rosparam_shortcuts/local_setup.bash
[24.343s] -- Symlinking: /home/zine/ws_moveit/install/rosparam_shortcuts/share/rosparam_shortcuts/local_setup.sh
[24.352s] -- Symlinking: /home/zine/ws_moveit/install/rosparam_shortcuts/share/rosparam_shortcuts/local_setup.zsh
[24.361s] -- Symlinking: /home/zine/ws_moveit/install/rosparam_shortcuts/share/rosparam_shortcuts/local_setup.dsv
[24.370s] -- Symlinking: /home/zine/ws_moveit/install/rosparam_shortcuts/share/rosparam_shortcuts/package.dsv
[24.379s] -- Symlinking: /home/zine/ws_moveit/install/rosparam_shortcuts/share/ament_index/resource_index/packages/rosparam_shortcuts
[24.388s] -- Symlinking: /home/zine/ws_moveit/install/rosparam_shortcuts/share/rosparam_shortcuts/cmake/ament_cmake_export_targets-extras.cmake
[24.397s] -- Symlinking: /home/zine/ws_moveit/install/rosparam_shortcuts/share/rosparam_shortcuts/cmake/ament_cmake_export_dependencies-extras.cmake
[24.406s] -- Symlinking: /home/zine/ws_moveit/install/rosparam_shortcuts/share/rosparam_shortcuts/cmake/rosparam_shortcutsConfig.cmake
[24.415s] -- Symlinking: /home/zine/ws_moveit/install/rosparam_shortcuts/share/rosparam_shortcuts/cmake/rosparam_shortcutsConfig-version.cmake
[24.424s] -- Symlinking: /home/zine/ws_moveit/install/rosparam_shortcuts/share/rosparam_shortcuts/package.xml
[24.433s] -- Installing: /home/zine/ws_moveit/install/rosparam_shortcuts/lib/librosparam_shortcuts.so
[24.434s] -- Set runtime path of "/home/zine/ws_moveit/install/rosparam_shortcuts/lib/librosparam_shortcuts.so" to ""
[24.435s] -- Installing: /home/zine/ws_moveit/install/rosparam_shortcuts/share/rosparam_shortcuts/cmake/export_rosparam_shortcutsExport.cmake
[24.435s] -- Installing: /home/zine/ws_moveit/install/rosparam_shortcuts/share/rosparam_shortcuts/cmake/export_rosparam_shortcutsExport-noconfig.cmake
[24.438s] Invoked command in '/home/zine/ws_moveit/build/rosparam_shortcuts' returned '0': CMAKE_PREFIX_PATH=${CMAKE_PREFIX_PATH}:/home/zine/ws_moveit/install/moveit_configs_utils:/home/zine/ws_moveit/install/launch_param_builder:/home/zine/ws_moveit/install/fixy_description:/opt/ros/humble /usr/bin/cmake --install /home/zine/ws_moveit/build/rosparam_shortcuts
